16:01:48 INFO  : Launching XSCT server: xsct.bat -interactive D:\sources\DaisyPlus\NAND\Micron\OpenSSD\512bit\daisyplus_openssd_micron_4c2w\cosm-plus-sys\cosm-plus-sys.sdk\temp_xsdb_launch_script.tcl
16:01:53 INFO  : XSCT server has started successfully.
16:01:53 INFO  : Successfully done setting XSCT server connection channel  
16:02:10 INFO  : Successfully done setting SDK workspace  
16:02:27 INFO  : Registering command handlers for SDK TCF services
16:02:29 INFO  : Processing command line option -hwspec D:/sources/DaisyPlus/NAND/Micron/OpenSSD/512bit/daisyplus_openssd_micron_4c2w/cosm-plus-sys/cosm-plus-sys.sdk/sys_top_wrapper.hdf.
06:16:56 INFO  : Registering command handlers for SDK TCF services
06:16:57 INFO  : Launching XSCT server: xsct.bat -interactive F:\cosm-plus-sys.sdk\temp_xsdb_launch_script.tcl
06:17:01 INFO  : XSCT server has started successfully.
06:17:01 INFO  : Successfully done setting XSCT server connection channel  
06:17:02 INFO  : Successfully done setting SDK workspace  
06:17:02 INFO  : Processing command line option -hwspec f:/cosm-plus-sys.sdk/sys_top_wrapper.hdf.
06:17:16 INFO  : SDK has detected change in the last modified timestamps for source hardware specification file Source:1684080924187,  Project:1684047668789
06:17:16 INFO  : Project sys_top_wrapper_hw_platform_0's source hardware specification located at D:/sources/DaisyPlus/NAND/Micron/OpenSSD/512bit/daisyplus_openssd_micron_4c2w/cosm-plus-sys/cosm-plus-sys.sdk/sys_top_wrapper.hdf is now different from the local copy.
		 The local copy will be replaced with the source specification and your workspace will be updated.
06:17:38 INFO  : Project sys_top_wrapper_hw_platform_0's source hardware specification location will not be monitored anymore.
10:12:22 INFO  : Connected to target on host '127.0.0.1' and port '3121'.
10:12:22 INFO  : Jtag cable 'Digilent JTAG-SMT2NC 210308AFAE40' is selected.
10:12:22 INFO  : 'jtag frequency' command is executed.
10:12:22 INFO  : Sourcing of 'C:/Xilinx/SDK/2019.1/scripts/sdk/util/zynqmp_utils.tcl' is done.
10:12:22 INFO  : Context for 'APU' is selected.
10:12:24 INFO  : System reset is completed.
10:12:27 INFO  : 'after 3000' command is executed.
10:12:27 INFO  : Context for 'APU' is selected.
10:12:27 INFO  : Cleared APU and A53 resets
10:12:27 INFO  : Context for 'RPU' is selected.
10:12:27 INFO  : Cleared RPU and R5 resets
10:12:27 INFO  : 'targets -set -filter {jtag_cable_name =~ "Digilent JTAG-SMT2NC 210308AFAE40" && level==0} -index 0' command is executed.
10:12:40 INFO  : FPGA configured successfully with bitstream "F:/cosm-plus-sys.sdk/sys_top_wrapper_hw_platform_0/sys_top_wrapper.bit"
10:12:40 INFO  : Context for 'APU' is selected.
10:12:40 INFO  : Hardware design information is loaded from 'F:/cosm-plus-sys.sdk/sys_top_wrapper_hw_platform_0/system.hdf'.
10:12:40 INFO  : 'configparams force-mem-access 1' command is executed.
10:12:40 INFO  : Context for 'APU' is selected.
10:12:40 INFO  : Sourcing of 'F:/cosm-plus-sys.sdk/sys_top_wrapper_hw_platform_0/psu_init.tcl' is done.
10:12:41 INFO  : 'psu_init' command is executed.
10:12:42 INFO  : 'after 1000' command is executed.
10:12:42 INFO  : 'psu_ps_pl_isolation_removal' command is executed.
10:12:43 INFO  : 'after 1000' command is executed.
10:12:43 INFO  : 'psu_ps_pl_reset_config' command is executed.
10:12:44 INFO  : 'catch {psu_protection}' command is executed.
10:12:44 INFO  : Context for processor 'psu_cortexa53_0' is selected.
10:12:45 INFO  : The application 'F:/cosm-plus-sys.sdk/run-gr3ftl/Debug/run-gr3ftl.elf' is downloaded to processor 'psu_cortexa53_0'.
10:12:45 INFO  : 'configparams force-mem-access 0' command is executed.
10:12:45 INFO  : ----------------XSDB Script----------------
connect -url tcp:127.0.0.1:3121
source C:/Xilinx/SDK/2019.1/scripts/sdk/util/zynqmp_utils.tcl
targets -set -nocase -filter {name =~"APU*" && jtag_cable_name =~ "Digilent JTAG-SMT2NC 210308AFAE40"} -index 1
rst -system
after 3000
targets -set -nocase -filter {name =~"APU*" && jtag_cable_name =~ "Digilent JTAG-SMT2NC 210308AFAE40"} -index 1
reset_apu
targets -set -nocase -filter {name =~"RPU*" && jtag_cable_name =~ "Digilent JTAG-SMT2NC 210308AFAE40"} -index 1
clear_rpu_reset
targets -set -filter {jtag_cable_name =~ "Digilent JTAG-SMT2NC 210308AFAE40" && level==0} -index 0
fpga -file F:/cosm-plus-sys.sdk/sys_top_wrapper_hw_platform_0/sys_top_wrapper.bit
targets -set -nocase -filter {name =~"APU*" && jtag_cable_name =~ "Digilent JTAG-SMT2NC 210308AFAE40"} -index 1
loadhw -hw F:/cosm-plus-sys.sdk/sys_top_wrapper_hw_platform_0/system.hdf -mem-ranges [list {0x80000000 0xbfffffff} {0x400000000 0x5ffffffff} {0x1000000000 0x7fffffffff}]
configparams force-mem-access 1
targets -set -nocase -filter {name =~"APU*" && jtag_cable_name =~ "Digilent JTAG-SMT2NC 210308AFAE40"} -index 1
source F:/cosm-plus-sys.sdk/sys_top_wrapper_hw_platform_0/psu_init.tcl
psu_init
after 1000
psu_ps_pl_isolation_removal
after 1000
psu_ps_pl_reset_config
catch {psu_protection}
targets -set -nocase -filter {name =~"*A53*0" && jtag_cable_name =~ "Digilent JTAG-SMT2NC 210308AFAE40"} -index 1
dow F:/cosm-plus-sys.sdk/run-gr3ftl/Debug/run-gr3ftl.elf
configparams force-mem-access 0
----------------End of Script----------------

10:12:45 INFO  : Context for processor 'psu_cortexa53_0' is selected.
10:12:45 INFO  : 'con' command is executed.
10:12:45 INFO  : ----------------XSDB Script (After Launch)----------------
targets -set -nocase -filter {name =~"*A53*0" && jtag_cable_name =~ "Digilent JTAG-SMT2NC 210308AFAE40"} -index 1
con
----------------End of Script----------------

10:12:45 INFO  : Launch script is exported to file 'F:\cosm-plus-sys.sdk\.sdk\launch_scripts\xilinx_c-c++_application_(system_debugger)\system_debugger_on_local.tcl'
10:18:32 INFO  : Disconnected from the channel tcfchan#1.
15:28:28 INFO  : Registering command handlers for SDK TCF services
15:28:37 INFO  : Launching XSCT server: xsct.bat -interactive D:\sources\DaisyPlus\NAND\Micron\OpenSSD\512bit\daisyplus_openssd_micron_4c2w\cosm-plus-sys\cosm-plus-sys.sdk\temp_xsdb_launch_script.tcl
15:28:43 INFO  : XSCT server has started successfully.
15:29:00 INFO  : Successfully done setting XSCT server connection channel  
15:29:00 INFO  : Successfully done setting SDK workspace  
15:29:07 INFO  : Connected to target on host '127.0.0.1' and port '3121'.
15:29:07 INFO  : Jtag cable 'Digilent JTAG-SMT2NC 210308AFAE40' is selected.
15:29:07 INFO  : 'jtag frequency' command is executed.
15:29:07 INFO  : Sourcing of 'C:/Xilinx/SDK/2019.1/scripts/sdk/util/zynqmp_utils.tcl' is done.
15:29:07 INFO  : Context for 'APU' is selected.
15:29:09 INFO  : System reset is completed.
15:29:12 INFO  : 'after 3000' command is executed.
15:29:12 INFO  : Context for 'APU' is selected.
15:29:12 INFO  : Cleared APU and A53 resets
15:29:12 INFO  : Context for 'RPU' is selected.
15:29:12 INFO  : Cleared RPU and R5 resets
15:29:13 INFO  : 'targets -set -filter {jtag_cable_name =~ "Digilent JTAG-SMT2NC 210308AFAE40" && level==0} -index 0' command is executed.
15:29:25 INFO  : FPGA configured successfully with bitstream "D:/sources/DaisyPlus/NAND/Micron/OpenSSD/512bit/daisyplus_openssd_micron_4c2w/cosm-plus-sys/cosm-plus-sys.sdk/sys_top_wrapper_hw_platform_0/sys_top_wrapper.bit"
15:29:25 INFO  : Context for 'APU' is selected.
15:29:25 INFO  : Hardware design information is loaded from 'D:/sources/DaisyPlus/NAND/Micron/OpenSSD/512bit/daisyplus_openssd_micron_4c2w/cosm-plus-sys/cosm-plus-sys.sdk/sys_top_wrapper_hw_platform_0/system.hdf'.
15:29:25 INFO  : 'configparams force-mem-access 1' command is executed.
15:29:25 INFO  : Context for 'APU' is selected.
15:29:25 INFO  : Sourcing of 'D:/sources/DaisyPlus/NAND/Micron/OpenSSD/512bit/daisyplus_openssd_micron_4c2w/cosm-plus-sys/cosm-plus-sys.sdk/sys_top_wrapper_hw_platform_0/psu_init.tcl' is done.
15:29:27 INFO  : 'psu_init' command is executed.
15:29:28 INFO  : 'after 1000' command is executed.
15:29:28 INFO  : 'psu_ps_pl_isolation_removal' command is executed.
15:29:29 INFO  : 'after 1000' command is executed.
15:29:29 INFO  : 'psu_ps_pl_reset_config' command is executed.
15:29:29 INFO  : 'catch {psu_protection}' command is executed.
15:29:29 INFO  : Context for processor 'psu_cortexa53_0' is selected.
15:29:30 INFO  : The application 'D:/sources/DaisyPlus/NAND/Micron/OpenSSD/512bit/daisyplus_openssd_micron_4c2w/cosm-plus-sys/cosm-plus-sys.sdk/run-gr3ftl/Debug/run-gr3ftl.elf' is downloaded to processor 'psu_cortexa53_0'.
15:29:30 INFO  : 'configparams force-mem-access 0' command is executed.
15:29:30 INFO  : ----------------XSDB Script----------------
connect -url tcp:127.0.0.1:3121
source C:/Xilinx/SDK/2019.1/scripts/sdk/util/zynqmp_utils.tcl
targets -set -nocase -filter {name =~"APU*" && jtag_cable_name =~ "Digilent JTAG-SMT2NC 210308AFAE40"} -index 1
rst -system
after 3000
targets -set -nocase -filter {name =~"APU*" && jtag_cable_name =~ "Digilent JTAG-SMT2NC 210308AFAE40"} -index 1
reset_apu
targets -set -nocase -filter {name =~"RPU*" && jtag_cable_name =~ "Digilent JTAG-SMT2NC 210308AFAE40"} -index 1
clear_rpu_reset
targets -set -filter {jtag_cable_name =~ "Digilent JTAG-SMT2NC 210308AFAE40" && level==0} -index 0
fpga -file D:/sources/DaisyPlus/NAND/Micron/OpenSSD/512bit/daisyplus_openssd_micron_4c2w/cosm-plus-sys/cosm-plus-sys.sdk/sys_top_wrapper_hw_platform_0/sys_top_wrapper.bit
targets -set -nocase -filter {name =~"APU*" && jtag_cable_name =~ "Digilent JTAG-SMT2NC 210308AFAE40"} -index 1
loadhw -hw D:/sources/DaisyPlus/NAND/Micron/OpenSSD/512bit/daisyplus_openssd_micron_4c2w/cosm-plus-sys/cosm-plus-sys.sdk/sys_top_wrapper_hw_platform_0/system.hdf -mem-ranges [list {0x80000000 0xbfffffff} {0x400000000 0x5ffffffff} {0x1000000000 0x7fffffffff}]
configparams force-mem-access 1
targets -set -nocase -filter {name =~"APU*" && jtag_cable_name =~ "Digilent JTAG-SMT2NC 210308AFAE40"} -index 1
source D:/sources/DaisyPlus/NAND/Micron/OpenSSD/512bit/daisyplus_openssd_micron_4c2w/cosm-plus-sys/cosm-plus-sys.sdk/sys_top_wrapper_hw_platform_0/psu_init.tcl
psu_init
after 1000
psu_ps_pl_isolation_removal
after 1000
psu_ps_pl_reset_config
catch {psu_protection}
targets -set -nocase -filter {name =~"*A53*0" && jtag_cable_name =~ "Digilent JTAG-SMT2NC 210308AFAE40"} -index 1
dow D:/sources/DaisyPlus/NAND/Micron/OpenSSD/512bit/daisyplus_openssd_micron_4c2w/cosm-plus-sys/cosm-plus-sys.sdk/run-gr3ftl/Debug/run-gr3ftl.elf
configparams force-mem-access 0
----------------End of Script----------------

15:29:30 INFO  : Context for processor 'psu_cortexa53_0' is selected.
15:29:30 INFO  : 'con' command is executed.
15:29:30 INFO  : ----------------XSDB Script (After Launch)----------------
targets -set -nocase -filter {name =~"*A53*0" && jtag_cable_name =~ "Digilent JTAG-SMT2NC 210308AFAE40"} -index 1
con
----------------End of Script----------------

15:29:30 INFO  : Launch script is exported to file 'D:\sources\DaisyPlus\NAND\Micron\OpenSSD\512bit\daisyplus_openssd_micron_4c2w\cosm-plus-sys\cosm-plus-sys.sdk\.sdk\launch_scripts\xilinx_c-c++_application_(system_debugger)\system_debugger_on_local.tcl'
17:57:16 INFO  : Disconnected from the channel tcfchan#1.
18:17:33 INFO  : Registering command handlers for SDK TCF services
18:17:34 INFO  : Launching XSCT server: xsct.bat -interactive D:\sources\DaisyPlus\NAND\Micron\OpenSSD\512bit\daisyplus_openssd_micron_4c2w\cosm-plus-sys\cosm-plus-sys.sdk\temp_xsdb_launch_script.tcl
18:17:37 INFO  : XSCT server has started successfully.
18:17:37 INFO  : Successfully done setting XSCT server connection channel  
18:17:37 INFO  : Successfully done setting SDK workspace  
18:17:58 INFO  : Connected to target on host '127.0.0.1' and port '3121'.
18:17:59 INFO  : Jtag cable 'Digilent JTAG-SMT2NC 210308AFAE40' is selected.
18:17:59 INFO  : 'jtag frequency' command is executed.
18:17:59 INFO  : Sourcing of 'C:/Xilinx/SDK/2019.1/scripts/sdk/util/zynqmp_utils.tcl' is done.
18:17:59 INFO  : Context for 'APU' is selected.
18:18:00 INFO  : System reset is completed.
18:18:03 INFO  : 'after 3000' command is executed.
18:18:03 INFO  : Context for 'APU' is selected.
18:18:03 INFO  : Cleared APU and A53 resets
18:18:03 INFO  : Context for 'RPU' is selected.
18:18:04 INFO  : Cleared RPU and R5 resets
18:18:04 INFO  : 'targets -set -filter {jtag_cable_name =~ "Digilent JTAG-SMT2NC 210308AFAE40" && level==0} -index 0' command is executed.
18:18:16 INFO  : FPGA configured successfully with bitstream "D:/sources/DaisyPlus/NAND/Micron/OpenSSD/512bit/daisyplus_openssd_micron_4c2w/cosm-plus-sys/cosm-plus-sys.sdk/sys_top_wrapper_hw_platform_0/sys_top_wrapper.bit"
18:18:16 INFO  : Context for 'APU' is selected.
18:18:16 INFO  : Hardware design information is loaded from 'D:/sources/DaisyPlus/NAND/Micron/OpenSSD/512bit/daisyplus_openssd_micron_4c2w/cosm-plus-sys/cosm-plus-sys.sdk/sys_top_wrapper_hw_platform_0/system.hdf'.
18:18:16 INFO  : 'configparams force-mem-access 1' command is executed.
18:18:16 INFO  : Context for 'APU' is selected.
18:18:16 INFO  : Sourcing of 'D:/sources/DaisyPlus/NAND/Micron/OpenSSD/512bit/daisyplus_openssd_micron_4c2w/cosm-plus-sys/cosm-plus-sys.sdk/sys_top_wrapper_hw_platform_0/psu_init.tcl' is done.
18:18:18 INFO  : 'psu_init' command is executed.
18:18:19 INFO  : 'after 1000' command is executed.
18:18:19 INFO  : 'psu_ps_pl_isolation_removal' command is executed.
18:18:20 INFO  : 'after 1000' command is executed.
18:18:20 INFO  : 'psu_ps_pl_reset_config' command is executed.
18:18:20 INFO  : 'catch {psu_protection}' command is executed.
18:18:20 INFO  : Context for processor 'psu_cortexa53_0' is selected.
18:18:21 INFO  : The application 'D:/sources/DaisyPlus/NAND/Micron/OpenSSD/512bit/daisyplus_openssd_micron_4c2w/cosm-plus-sys/cosm-plus-sys.sdk/run-gr3ftl/Debug/run-gr3ftl.elf' is downloaded to processor 'psu_cortexa53_0'.
18:18:21 INFO  : 'configparams force-mem-access 0' command is executed.
18:18:21 INFO  : ----------------XSDB Script----------------
connect -url tcp:127.0.0.1:3121
source C:/Xilinx/SDK/2019.1/scripts/sdk/util/zynqmp_utils.tcl
targets -set -nocase -filter {name =~"APU*" && jtag_cable_name =~ "Digilent JTAG-SMT2NC 210308AFAE40"} -index 1
rst -system
after 3000
targets -set -nocase -filter {name =~"APU*" && jtag_cable_name =~ "Digilent JTAG-SMT2NC 210308AFAE40"} -index 1
reset_apu
targets -set -nocase -filter {name =~"RPU*" && jtag_cable_name =~ "Digilent JTAG-SMT2NC 210308AFAE40"} -index 1
clear_rpu_reset
targets -set -filter {jtag_cable_name =~ "Digilent JTAG-SMT2NC 210308AFAE40" && level==0} -index 0
fpga -file D:/sources/DaisyPlus/NAND/Micron/OpenSSD/512bit/daisyplus_openssd_micron_4c2w/cosm-plus-sys/cosm-plus-sys.sdk/sys_top_wrapper_hw_platform_0/sys_top_wrapper.bit
targets -set -nocase -filter {name =~"APU*" && jtag_cable_name =~ "Digilent JTAG-SMT2NC 210308AFAE40"} -index 1
loadhw -hw D:/sources/DaisyPlus/NAND/Micron/OpenSSD/512bit/daisyplus_openssd_micron_4c2w/cosm-plus-sys/cosm-plus-sys.sdk/sys_top_wrapper_hw_platform_0/system.hdf -mem-ranges [list {0x80000000 0xbfffffff} {0x400000000 0x5ffffffff} {0x1000000000 0x7fffffffff}]
configparams force-mem-access 1
targets -set -nocase -filter {name =~"APU*" && jtag_cable_name =~ "Digilent JTAG-SMT2NC 210308AFAE40"} -index 1
source D:/sources/DaisyPlus/NAND/Micron/OpenSSD/512bit/daisyplus_openssd_micron_4c2w/cosm-plus-sys/cosm-plus-sys.sdk/sys_top_wrapper_hw_platform_0/psu_init.tcl
psu_init
after 1000
psu_ps_pl_isolation_removal
after 1000
psu_ps_pl_reset_config
catch {psu_protection}
targets -set -nocase -filter {name =~"*A53*0" && jtag_cable_name =~ "Digilent JTAG-SMT2NC 210308AFAE40"} -index 1
dow D:/sources/DaisyPlus/NAND/Micron/OpenSSD/512bit/daisyplus_openssd_micron_4c2w/cosm-plus-sys/cosm-plus-sys.sdk/run-gr3ftl/Debug/run-gr3ftl.elf
configparams force-mem-access 0
----------------End of Script----------------

18:18:21 INFO  : Context for processor 'psu_cortexa53_0' is selected.
18:18:21 INFO  : 'con' command is executed.
18:18:21 INFO  : ----------------XSDB Script (After Launch)----------------
targets -set -nocase -filter {name =~"*A53*0" && jtag_cable_name =~ "Digilent JTAG-SMT2NC 210308AFAE40"} -index 1
con
----------------End of Script----------------

18:18:21 INFO  : Launch script is exported to file 'D:\sources\DaisyPlus\NAND\Micron\OpenSSD\512bit\daisyplus_openssd_micron_4c2w\cosm-plus-sys\cosm-plus-sys.sdk\.sdk\launch_scripts\xilinx_c-c++_application_(system_debugger)\system_debugger_on_local.tcl'
09:38:35 INFO  : Disconnected from the channel tcfchan#1.
15:36:29 INFO  : Registering command handlers for SDK TCF services
15:36:30 INFO  : Launching XSCT server: xsct.bat -interactive D:\sources\DaisyPlus\NAND\Micron\OpenSSD\512bit\daisyplus_openssd_micron_4c2w\cosm-plus-sys\cosm-plus-sys.sdk\temp_xsdb_launch_script.tcl
15:36:33 INFO  : XSCT server has started successfully.
15:36:34 INFO  : Successfully done setting XSCT server connection channel  
15:36:34 INFO  : Successfully done setting SDK workspace  
15:36:50 INFO  : Connected to target on host '127.0.0.1' and port '3121'.
15:36:51 INFO  : Jtag cable 'Digilent JTAG-SMT2NC 210308AFAE40' is selected.
15:36:51 INFO  : 'jtag frequency' command is executed.
15:36:51 INFO  : Sourcing of 'C:/Xilinx/SDK/2019.1/scripts/sdk/util/zynqmp_utils.tcl' is done.
15:36:51 INFO  : Context for 'APU' is selected.
15:36:52 INFO  : System reset is completed.
15:36:55 INFO  : 'after 3000' command is executed.
15:36:56 INFO  : Context for 'APU' is selected.
15:36:56 INFO  : Cleared APU and A53 resets
15:36:56 INFO  : Context for 'RPU' is selected.
15:36:56 INFO  : Cleared RPU and R5 resets
15:36:56 INFO  : 'targets -set -filter {jtag_cable_name =~ "Digilent JTAG-SMT2NC 210308AFAE40" && level==0} -index 0' command is executed.
15:37:08 INFO  : FPGA configured successfully with bitstream "D:/sources/DaisyPlus/NAND/Micron/OpenSSD/512bit/daisyplus_openssd_micron_4c2w/cosm-plus-sys/cosm-plus-sys.sdk/sys_top_wrapper_hw_platform_0/sys_top_wrapper.bit"
15:37:08 INFO  : Context for 'APU' is selected.
15:37:09 INFO  : Hardware design information is loaded from 'D:/sources/DaisyPlus/NAND/Micron/OpenSSD/512bit/daisyplus_openssd_micron_4c2w/cosm-plus-sys/cosm-plus-sys.sdk/sys_top_wrapper_hw_platform_0/system.hdf'.
15:37:09 INFO  : 'configparams force-mem-access 1' command is executed.
15:37:09 INFO  : Context for 'APU' is selected.
15:37:09 INFO  : Sourcing of 'D:/sources/DaisyPlus/NAND/Micron/OpenSSD/512bit/daisyplus_openssd_micron_4c2w/cosm-plus-sys/cosm-plus-sys.sdk/sys_top_wrapper_hw_platform_0/psu_init.tcl' is done.
15:37:10 INFO  : 'psu_init' command is executed.
15:37:11 INFO  : 'after 1000' command is executed.
15:37:11 INFO  : 'psu_ps_pl_isolation_removal' command is executed.
15:37:12 INFO  : 'after 1000' command is executed.
15:37:12 INFO  : 'psu_ps_pl_reset_config' command is executed.
15:37:12 INFO  : 'catch {psu_protection}' command is executed.
15:37:12 INFO  : Context for processor 'psu_cortexa53_0' is selected.
15:37:13 INFO  : The application 'D:/sources/DaisyPlus/NAND/Micron/OpenSSD/512bit/daisyplus_openssd_micron_4c2w/cosm-plus-sys/cosm-plus-sys.sdk/run-gr3ftl/Debug/run-gr3ftl.elf' is downloaded to processor 'psu_cortexa53_0'.
15:37:13 INFO  : 'configparams force-mem-access 0' command is executed.
15:37:13 INFO  : ----------------XSDB Script----------------
connect -url tcp:127.0.0.1:3121
source C:/Xilinx/SDK/2019.1/scripts/sdk/util/zynqmp_utils.tcl
targets -set -nocase -filter {name =~"APU*" && jtag_cable_name =~ "Digilent JTAG-SMT2NC 210308AFAE40"} -index 1
rst -system
after 3000
targets -set -nocase -filter {name =~"APU*" && jtag_cable_name =~ "Digilent JTAG-SMT2NC 210308AFAE40"} -index 1
reset_apu
targets -set -nocase -filter {name =~"RPU*" && jtag_cable_name =~ "Digilent JTAG-SMT2NC 210308AFAE40"} -index 1
clear_rpu_reset
targets -set -filter {jtag_cable_name =~ "Digilent JTAG-SMT2NC 210308AFAE40" && level==0} -index 0
fpga -file D:/sources/DaisyPlus/NAND/Micron/OpenSSD/512bit/daisyplus_openssd_micron_4c2w/cosm-plus-sys/cosm-plus-sys.sdk/sys_top_wrapper_hw_platform_0/sys_top_wrapper.bit
targets -set -nocase -filter {name =~"APU*" && jtag_cable_name =~ "Digilent JTAG-SMT2NC 210308AFAE40"} -index 1
loadhw -hw D:/sources/DaisyPlus/NAND/Micron/OpenSSD/512bit/daisyplus_openssd_micron_4c2w/cosm-plus-sys/cosm-plus-sys.sdk/sys_top_wrapper_hw_platform_0/system.hdf -mem-ranges [list {0x80000000 0xbfffffff} {0x400000000 0x5ffffffff} {0x1000000000 0x7fffffffff}]
configparams force-mem-access 1
targets -set -nocase -filter {name =~"APU*" && jtag_cable_name =~ "Digilent JTAG-SMT2NC 210308AFAE40"} -index 1
source D:/sources/DaisyPlus/NAND/Micron/OpenSSD/512bit/daisyplus_openssd_micron_4c2w/cosm-plus-sys/cosm-plus-sys.sdk/sys_top_wrapper_hw_platform_0/psu_init.tcl
psu_init
after 1000
psu_ps_pl_isolation_removal
after 1000
psu_ps_pl_reset_config
catch {psu_protection}
targets -set -nocase -filter {name =~"*A53*0" && jtag_cable_name =~ "Digilent JTAG-SMT2NC 210308AFAE40"} -index 1
dow D:/sources/DaisyPlus/NAND/Micron/OpenSSD/512bit/daisyplus_openssd_micron_4c2w/cosm-plus-sys/cosm-plus-sys.sdk/run-gr3ftl/Debug/run-gr3ftl.elf
configparams force-mem-access 0
----------------End of Script----------------

15:37:14 INFO  : Context for processor 'psu_cortexa53_0' is selected.
15:37:14 INFO  : 'con' command is executed.
15:37:14 INFO  : ----------------XSDB Script (After Launch)----------------
targets -set -nocase -filter {name =~"*A53*0" && jtag_cable_name =~ "Digilent JTAG-SMT2NC 210308AFAE40"} -index 1
con
----------------End of Script----------------

15:37:14 INFO  : Launch script is exported to file 'D:\sources\DaisyPlus\NAND\Micron\OpenSSD\512bit\daisyplus_openssd_micron_4c2w\cosm-plus-sys\cosm-plus-sys.sdk\.sdk\launch_scripts\xilinx_c-c++_application_(system_debugger)\system_debugger_on_local.tcl'
15:37:43 INFO  : Disconnected from the channel tcfchan#1.
15:37:44 INFO  : Connected to target on host '127.0.0.1' and port '3121'.
15:37:44 INFO  : Jtag cable 'Digilent JTAG-SMT2NC 210308AFAE40' is selected.
15:37:44 INFO  : 'jtag frequency' command is executed.
15:37:44 INFO  : Sourcing of 'C:/Xilinx/SDK/2019.1/scripts/sdk/util/zynqmp_utils.tcl' is done.
15:37:44 INFO  : Context for 'APU' is selected.
15:37:45 INFO  : System reset is completed.
15:37:48 INFO  : 'after 3000' command is executed.
15:37:48 INFO  : Context for 'APU' is selected.
15:37:48 INFO  : Cleared APU and A53 resets
15:37:48 INFO  : Context for 'RPU' is selected.
15:37:49 INFO  : Cleared RPU and R5 resets
15:37:49 INFO  : 'targets -set -filter {jtag_cable_name =~ "Digilent JTAG-SMT2NC 210308AFAE40" && level==0} -index 0' command is executed.
15:38:01 INFO  : FPGA configured successfully with bitstream "D:/sources/DaisyPlus/NAND/Micron/OpenSSD/512bit/daisyplus_openssd_micron_4c2w/cosm-plus-sys/cosm-plus-sys.sdk/sys_top_wrapper_hw_platform_0/sys_top_wrapper.bit"
15:38:01 INFO  : Context for 'APU' is selected.
15:38:12 INFO  : Hardware design information is loaded from 'D:/sources/DaisyPlus/NAND/Micron/OpenSSD/512bit/daisyplus_openssd_micron_4c2w/cosm-plus-sys/cosm-plus-sys.sdk/sys_top_wrapper_hw_platform_0/system.hdf'.
15:38:12 INFO  : 'configparams force-mem-access 1' command is executed.
15:38:12 INFO  : Context for 'APU' is selected.
15:38:12 INFO  : Sourcing of 'D:/sources/DaisyPlus/NAND/Micron/OpenSSD/512bit/daisyplus_openssd_micron_4c2w/cosm-plus-sys/cosm-plus-sys.sdk/sys_top_wrapper_hw_platform_0/psu_init.tcl' is done.
15:38:13 INFO  : 'psu_init' command is executed.
15:38:14 INFO  : 'after 1000' command is executed.
15:38:14 INFO  : 'psu_ps_pl_isolation_removal' command is executed.
15:38:15 INFO  : 'after 1000' command is executed.
15:38:15 INFO  : 'psu_ps_pl_reset_config' command is executed.
15:38:15 INFO  : 'catch {psu_protection}' command is executed.
15:38:15 INFO  : Context for processor 'psu_cortexa53_0' is selected.
15:38:16 INFO  : The application 'D:/sources/DaisyPlus/NAND/Micron/OpenSSD/512bit/daisyplus_openssd_micron_4c2w/cosm-plus-sys/cosm-plus-sys.sdk/run-gr3ftl/Debug/run-gr3ftl.elf' is downloaded to processor 'psu_cortexa53_0'.
15:38:16 INFO  : 'configparams force-mem-access 0' command is executed.
15:38:16 INFO  : ----------------XSDB Script----------------
connect -url tcp:127.0.0.1:3121
source C:/Xilinx/SDK/2019.1/scripts/sdk/util/zynqmp_utils.tcl
targets -set -nocase -filter {name =~"APU*" && jtag_cable_name =~ "Digilent JTAG-SMT2NC 210308AFAE40"} -index 1
rst -system
after 3000
targets -set -nocase -filter {name =~"APU*" && jtag_cable_name =~ "Digilent JTAG-SMT2NC 210308AFAE40"} -index 1
reset_apu
targets -set -nocase -filter {name =~"RPU*" && jtag_cable_name =~ "Digilent JTAG-SMT2NC 210308AFAE40"} -index 1
clear_rpu_reset
targets -set -filter {jtag_cable_name =~ "Digilent JTAG-SMT2NC 210308AFAE40" && level==0} -index 0
fpga -file D:/sources/DaisyPlus/NAND/Micron/OpenSSD/512bit/daisyplus_openssd_micron_4c2w/cosm-plus-sys/cosm-plus-sys.sdk/sys_top_wrapper_hw_platform_0/sys_top_wrapper.bit
targets -set -nocase -filter {name =~"APU*" && jtag_cable_name =~ "Digilent JTAG-SMT2NC 210308AFAE40"} -index 1
loadhw -hw D:/sources/DaisyPlus/NAND/Micron/OpenSSD/512bit/daisyplus_openssd_micron_4c2w/cosm-plus-sys/cosm-plus-sys.sdk/sys_top_wrapper_hw_platform_0/system.hdf -mem-ranges [list {0x80000000 0xbfffffff} {0x400000000 0x5ffffffff} {0x1000000000 0x7fffffffff}]
configparams force-mem-access 1
targets -set -nocase -filter {name =~"APU*" && jtag_cable_name =~ "Digilent JTAG-SMT2NC 210308AFAE40"} -index 1
source D:/sources/DaisyPlus/NAND/Micron/OpenSSD/512bit/daisyplus_openssd_micron_4c2w/cosm-plus-sys/cosm-plus-sys.sdk/sys_top_wrapper_hw_platform_0/psu_init.tcl
psu_init
after 1000
psu_ps_pl_isolation_removal
after 1000
psu_ps_pl_reset_config
catch {psu_protection}
targets -set -nocase -filter {name =~"*A53*0" && jtag_cable_name =~ "Digilent JTAG-SMT2NC 210308AFAE40"} -index 1
dow D:/sources/DaisyPlus/NAND/Micron/OpenSSD/512bit/daisyplus_openssd_micron_4c2w/cosm-plus-sys/cosm-plus-sys.sdk/run-gr3ftl/Debug/run-gr3ftl.elf
configparams force-mem-access 0
----------------End of Script----------------

15:38:16 INFO  : Context for processor 'psu_cortexa53_0' is selected.
15:38:16 INFO  : 'con' command is executed.
15:38:16 INFO  : ----------------XSDB Script (After Launch)----------------
targets -set -nocase -filter {name =~"*A53*0" && jtag_cable_name =~ "Digilent JTAG-SMT2NC 210308AFAE40"} -index 1
con
----------------End of Script----------------

15:38:16 INFO  : Launch script is exported to file 'D:\sources\DaisyPlus\NAND\Micron\OpenSSD\512bit\daisyplus_openssd_micron_4c2w\cosm-plus-sys\cosm-plus-sys.sdk\.sdk\launch_scripts\xilinx_c-c++_application_(system_debugger)\system_debugger_on_local.tcl'
15:59:23 INFO  : Disconnected from the channel tcfchan#2.
19:09:42 INFO  : Registering command handlers for SDK TCF services
19:09:43 INFO  : Launching XSCT server: xsct.bat -interactive D:\sources\DaisyPlus\NAND\Micron\OpenSSD\512bit\daisyplus_openssd_micron_4c2w\cosm-plus-sys\cosm-plus-sys.sdk\temp_xsdb_launch_script.tcl
19:09:47 INFO  : XSCT server has started successfully.
19:09:48 INFO  : Successfully done setting XSCT server connection channel  
19:09:48 INFO  : Successfully done setting SDK workspace  
19:09:48 INFO  : Processing command line option -hwspec D:/sources/DaisyPlus/NAND/Micron/OpenSSD/512bit/daisyplus_openssd_micron_4c2w/cosm-plus-sys/cosm-plus-sys.sdk/sys_top_wrapper.hdf.
19:15:11 INFO  : Connected to target on host '127.0.0.1' and port '3121'.
19:15:12 INFO  : Jtag cable 'Digilent JTAG-SMT2NC 210308AFAE40' is selected.
19:15:12 INFO  : 'jtag frequency' command is executed.
19:15:12 INFO  : Sourcing of 'C:/Xilinx/SDK/2019.1/scripts/sdk/util/zynqmp_utils.tcl' is done.
19:15:12 INFO  : Context for 'APU' is selected.
19:15:13 INFO  : System reset is completed.
19:15:16 INFO  : 'after 3000' command is executed.
19:15:16 INFO  : Context for 'APU' is selected.
19:15:16 INFO  : Cleared APU and A53 resets
19:15:16 INFO  : Context for 'RPU' is selected.
19:15:16 INFO  : Cleared RPU and R5 resets
19:15:17 INFO  : 'targets -set -filter {jtag_cable_name =~ "Digilent JTAG-SMT2NC 210308AFAE40" && level==0} -index 0' command is executed.
19:15:29 INFO  : FPGA configured successfully with bitstream "D:/sources/DaisyPlus/NAND/Micron/OpenSSD/512bit/daisyplus_openssd_micron_4c2w/cosm-plus-sys/cosm-plus-sys.sdk/sys_top_wrapper_hw_platform_0/sys_top_wrapper.bit"
19:15:29 INFO  : Context for 'APU' is selected.
19:15:30 INFO  : Hardware design information is loaded from 'D:/sources/DaisyPlus/NAND/Micron/OpenSSD/512bit/daisyplus_openssd_micron_4c2w/cosm-plus-sys/cosm-plus-sys.sdk/sys_top_wrapper_hw_platform_0/system.hdf'.
19:15:30 INFO  : 'configparams force-mem-access 1' command is executed.
19:15:30 INFO  : Context for 'APU' is selected.
19:15:30 INFO  : Sourcing of 'D:/sources/DaisyPlus/NAND/Micron/OpenSSD/512bit/daisyplus_openssd_micron_4c2w/cosm-plus-sys/cosm-plus-sys.sdk/sys_top_wrapper_hw_platform_0/psu_init.tcl' is done.
19:15:31 INFO  : 'psu_init' command is executed.
19:15:32 INFO  : 'after 1000' command is executed.
19:15:32 INFO  : 'psu_ps_pl_isolation_removal' command is executed.
19:15:33 INFO  : 'after 1000' command is executed.
19:15:33 INFO  : 'psu_ps_pl_reset_config' command is executed.
19:15:33 INFO  : 'catch {psu_protection}' command is executed.
19:15:33 INFO  : Context for processor 'psu_cortexa53_0' is selected.
19:15:34 INFO  : The application 'D:/sources/DaisyPlus/NAND/Micron/OpenSSD/512bit/daisyplus_openssd_micron_4c2w/cosm-plus-sys/cosm-plus-sys.sdk/run-gr3ftl/Debug/run-gr3ftl.elf' is downloaded to processor 'psu_cortexa53_0'.
19:15:34 INFO  : 'configparams force-mem-access 0' command is executed.
19:15:34 INFO  : ----------------XSDB Script----------------
connect -url tcp:127.0.0.1:3121
source C:/Xilinx/SDK/2019.1/scripts/sdk/util/zynqmp_utils.tcl
targets -set -nocase -filter {name =~"APU*" && jtag_cable_name =~ "Digilent JTAG-SMT2NC 210308AFAE40"} -index 1
rst -system
after 3000
targets -set -nocase -filter {name =~"APU*" && jtag_cable_name =~ "Digilent JTAG-SMT2NC 210308AFAE40"} -index 1
reset_apu
targets -set -nocase -filter {name =~"RPU*" && jtag_cable_name =~ "Digilent JTAG-SMT2NC 210308AFAE40"} -index 1
clear_rpu_reset
targets -set -filter {jtag_cable_name =~ "Digilent JTAG-SMT2NC 210308AFAE40" && level==0} -index 0
fpga -file D:/sources/DaisyPlus/NAND/Micron/OpenSSD/512bit/daisyplus_openssd_micron_4c2w/cosm-plus-sys/cosm-plus-sys.sdk/sys_top_wrapper_hw_platform_0/sys_top_wrapper.bit
targets -set -nocase -filter {name =~"APU*" && jtag_cable_name =~ "Digilent JTAG-SMT2NC 210308AFAE40"} -index 1
loadhw -hw D:/sources/DaisyPlus/NAND/Micron/OpenSSD/512bit/daisyplus_openssd_micron_4c2w/cosm-plus-sys/cosm-plus-sys.sdk/sys_top_wrapper_hw_platform_0/system.hdf -mem-ranges [list {0x80000000 0xbfffffff} {0x400000000 0x5ffffffff} {0x1000000000 0x7fffffffff}]
configparams force-mem-access 1
targets -set -nocase -filter {name =~"APU*" && jtag_cable_name =~ "Digilent JTAG-SMT2NC 210308AFAE40"} -index 1
source D:/sources/DaisyPlus/NAND/Micron/OpenSSD/512bit/daisyplus_openssd_micron_4c2w/cosm-plus-sys/cosm-plus-sys.sdk/sys_top_wrapper_hw_platform_0/psu_init.tcl
psu_init
after 1000
psu_ps_pl_isolation_removal
after 1000
psu_ps_pl_reset_config
catch {psu_protection}
targets -set -nocase -filter {name =~"*A53*0" && jtag_cable_name =~ "Digilent JTAG-SMT2NC 210308AFAE40"} -index 1
dow D:/sources/DaisyPlus/NAND/Micron/OpenSSD/512bit/daisyplus_openssd_micron_4c2w/cosm-plus-sys/cosm-plus-sys.sdk/run-gr3ftl/Debug/run-gr3ftl.elf
configparams force-mem-access 0
----------------End of Script----------------

19:15:35 INFO  : Context for processor 'psu_cortexa53_0' is selected.
19:15:35 INFO  : 'con' command is executed.
19:15:35 INFO  : ----------------XSDB Script (After Launch)----------------
targets -set -nocase -filter {name =~"*A53*0" && jtag_cable_name =~ "Digilent JTAG-SMT2NC 210308AFAE40"} -index 1
con
----------------End of Script----------------

19:15:35 INFO  : Launch script is exported to file 'D:\sources\DaisyPlus\NAND\Micron\OpenSSD\512bit\daisyplus_openssd_micron_4c2w\cosm-plus-sys\cosm-plus-sys.sdk\.sdk\launch_scripts\xilinx_c-c++_application_(system_debugger)\system_debugger_on_local.tcl'
08:08:22 INFO  : SDK has detected change in the last modified timestamps for source hardware specification file Source:1684240906539,  Project:1684231277055
08:08:22 INFO  : Project sys_top_wrapper_hw_platform_0's source hardware specification located at D:/sources/DaisyPlus/NAND/Micron/OpenSSD/512bit/daisyplus_openssd_micron_4c2w/cosm-plus-sys/cosm-plus-sys.sdk/sys_top_wrapper.hdf is now different from the local copy.
		 The local copy will be replaced with the source specification and your workspace will be updated.
08:08:22 INFO  : Copied contents of D:/sources/DaisyPlus/NAND/Micron/OpenSSD/512bit/daisyplus_openssd_micron_4c2w/cosm-plus-sys/cosm-plus-sys.sdk/sys_top_wrapper.hdf into \sys_top_wrapper_hw_platform_0\system.hdf.
08:08:46 INFO  : Synchronizing projects in the workspace with the hardware platform specification changes.
08:08:50 INFO  : 
08:08:51 INFO  : Updating hardware inferred compiler options for run-gr3ftl.
08:08:51 INFO  : Clearing existing target manager status.
08:08:51 INFO  : Workspace synchronized with the new hardware specification file. Cleaning dependent projects...
08:08:55 WARN  : Linker script will not be updated automatically. Users need to update it manually.
08:13:06 INFO  : Disconnected from the channel tcfchan#1.
08:13:08 INFO  : Connected to target on host '127.0.0.1' and port '3121'.
08:13:09 INFO  : Jtag cable 'Digilent JTAG-SMT2NC 210308AFAE40' is selected.
08:13:09 INFO  : 'jtag frequency' command is executed.
08:13:09 INFO  : Sourcing of 'C:/Xilinx/SDK/2019.1/scripts/sdk/util/zynqmp_utils.tcl' is done.
08:13:09 INFO  : Context for 'APU' is selected.
08:13:10 INFO  : System reset is completed.
08:13:13 INFO  : 'after 3000' command is executed.
08:13:13 INFO  : Context for 'APU' is selected.
08:13:14 INFO  : Cleared APU and A53 resets
08:13:14 INFO  : Context for 'RPU' is selected.
08:13:14 INFO  : Cleared RPU and R5 resets
08:13:14 INFO  : 'targets -set -filter {jtag_cable_name =~ "Digilent JTAG-SMT2NC 210308AFAE40" && level==0} -index 0' command is executed.
08:13:27 INFO  : FPGA configured successfully with bitstream "D:/sources/DaisyPlus/NAND/Micron/OpenSSD/512bit/daisyplus_openssd_micron_4c2w/cosm-plus-sys/cosm-plus-sys.sdk/sys_top_wrapper_hw_platform_0/sys_top_wrapper.bit"
08:13:27 INFO  : Context for 'APU' is selected.
08:13:27 INFO  : Hardware design information is loaded from 'D:/sources/DaisyPlus/NAND/Micron/OpenSSD/512bit/daisyplus_openssd_micron_4c2w/cosm-plus-sys/cosm-plus-sys.sdk/sys_top_wrapper_hw_platform_0/system.hdf'.
08:13:27 INFO  : 'configparams force-mem-access 1' command is executed.
08:13:27 INFO  : Context for 'APU' is selected.
08:13:27 INFO  : Sourcing of 'D:/sources/DaisyPlus/NAND/Micron/OpenSSD/512bit/daisyplus_openssd_micron_4c2w/cosm-plus-sys/cosm-plus-sys.sdk/sys_top_wrapper_hw_platform_0/psu_init.tcl' is done.
08:13:29 INFO  : 'psu_init' command is executed.
08:13:30 INFO  : 'after 1000' command is executed.
08:13:30 INFO  : 'psu_ps_pl_isolation_removal' command is executed.
08:13:31 INFO  : 'after 1000' command is executed.
08:13:31 INFO  : 'psu_ps_pl_reset_config' command is executed.
08:13:32 INFO  : 'catch {psu_protection}' command is executed.
08:13:32 INFO  : Context for processor 'psu_cortexa53_0' is selected.
08:13:33 INFO  : The application 'D:/sources/DaisyPlus/NAND/Micron/OpenSSD/512bit/daisyplus_openssd_micron_4c2w/cosm-plus-sys/cosm-plus-sys.sdk/run-gr3ftl/Debug/run-gr3ftl.elf' is downloaded to processor 'psu_cortexa53_0'.
08:13:33 INFO  : 'configparams force-mem-access 0' command is executed.
08:13:33 INFO  : ----------------XSDB Script----------------
connect -url tcp:127.0.0.1:3121
source C:/Xilinx/SDK/2019.1/scripts/sdk/util/zynqmp_utils.tcl
targets -set -nocase -filter {name =~"APU*" && jtag_cable_name =~ "Digilent JTAG-SMT2NC 210308AFAE40"} -index 1
rst -system
after 3000
targets -set -nocase -filter {name =~"APU*" && jtag_cable_name =~ "Digilent JTAG-SMT2NC 210308AFAE40"} -index 1
reset_apu
targets -set -nocase -filter {name =~"RPU*" && jtag_cable_name =~ "Digilent JTAG-SMT2NC 210308AFAE40"} -index 1
clear_rpu_reset
targets -set -filter {jtag_cable_name =~ "Digilent JTAG-SMT2NC 210308AFAE40" && level==0} -index 0
fpga -file D:/sources/DaisyPlus/NAND/Micron/OpenSSD/512bit/daisyplus_openssd_micron_4c2w/cosm-plus-sys/cosm-plus-sys.sdk/sys_top_wrapper_hw_platform_0/sys_top_wrapper.bit
targets -set -nocase -filter {name =~"APU*" && jtag_cable_name =~ "Digilent JTAG-SMT2NC 210308AFAE40"} -index 1
loadhw -hw D:/sources/DaisyPlus/NAND/Micron/OpenSSD/512bit/daisyplus_openssd_micron_4c2w/cosm-plus-sys/cosm-plus-sys.sdk/sys_top_wrapper_hw_platform_0/system.hdf -mem-ranges [list {0x80000000 0xbfffffff} {0x400000000 0x5ffffffff} {0x1000000000 0x7fffffffff}]
configparams force-mem-access 1
targets -set -nocase -filter {name =~"APU*" && jtag_cable_name =~ "Digilent JTAG-SMT2NC 210308AFAE40"} -index 1
source D:/sources/DaisyPlus/NAND/Micron/OpenSSD/512bit/daisyplus_openssd_micron_4c2w/cosm-plus-sys/cosm-plus-sys.sdk/sys_top_wrapper_hw_platform_0/psu_init.tcl
psu_init
after 1000
psu_ps_pl_isolation_removal
after 1000
psu_ps_pl_reset_config
catch {psu_protection}
targets -set -nocase -filter {name =~"*A53*0" && jtag_cable_name =~ "Digilent JTAG-SMT2NC 210308AFAE40"} -index 1
dow D:/sources/DaisyPlus/NAND/Micron/OpenSSD/512bit/daisyplus_openssd_micron_4c2w/cosm-plus-sys/cosm-plus-sys.sdk/run-gr3ftl/Debug/run-gr3ftl.elf
configparams force-mem-access 0
----------------End of Script----------------

08:13:33 INFO  : Context for processor 'psu_cortexa53_0' is selected.
08:13:33 INFO  : 'con' command is executed.
08:13:33 INFO  : ----------------XSDB Script (After Launch)----------------
targets -set -nocase -filter {name =~"*A53*0" && jtag_cable_name =~ "Digilent JTAG-SMT2NC 210308AFAE40"} -index 1
con
----------------End of Script----------------

08:13:33 INFO  : Launch script is exported to file 'D:\sources\DaisyPlus\NAND\Micron\OpenSSD\512bit\daisyplus_openssd_micron_4c2w\cosm-plus-sys\cosm-plus-sys.sdk\.sdk\launch_scripts\xilinx_c-c++_application_(system_debugger)\system_debugger_on_local.tcl'
08:15:08 INFO  : Disconnected from the channel tcfchan#2.
08:15:09 INFO  : Connected to target on host '127.0.0.1' and port '3121'.
08:15:09 INFO  : Jtag cable 'Digilent JTAG-SMT2NC 210308AFAE40' is selected.
08:15:09 INFO  : 'jtag frequency' command is executed.
08:15:09 INFO  : Sourcing of 'C:/Xilinx/SDK/2019.1/scripts/sdk/util/zynqmp_utils.tcl' is done.
08:15:09 INFO  : Context for 'APU' is selected.
08:15:10 INFO  : System reset is completed.
08:15:13 INFO  : 'after 3000' command is executed.
08:15:13 INFO  : Context for 'APU' is selected.
08:15:14 INFO  : Cleared APU and A53 resets
08:15:14 INFO  : Context for 'RPU' is selected.
08:15:14 INFO  : Cleared RPU and R5 resets
08:15:14 INFO  : 'targets -set -filter {jtag_cable_name =~ "Digilent JTAG-SMT2NC 210308AFAE40" && level==0} -index 0' command is executed.
08:15:27 INFO  : FPGA configured successfully with bitstream "D:/sources/DaisyPlus/NAND/Micron/OpenSSD/512bit/daisyplus_openssd_micron_4c2w/cosm-plus-sys/cosm-plus-sys.sdk/sys_top_wrapper_hw_platform_0/sys_top_wrapper.bit"
08:15:27 INFO  : Context for 'APU' is selected.
08:15:40 INFO  : Hardware design information is loaded from 'D:/sources/DaisyPlus/NAND/Micron/OpenSSD/512bit/daisyplus_openssd_micron_4c2w/cosm-plus-sys/cosm-plus-sys.sdk/sys_top_wrapper_hw_platform_0/system.hdf'.
08:15:40 INFO  : 'configparams force-mem-access 1' command is executed.
08:15:40 INFO  : Context for 'APU' is selected.
08:15:40 INFO  : Sourcing of 'D:/sources/DaisyPlus/NAND/Micron/OpenSSD/512bit/daisyplus_openssd_micron_4c2w/cosm-plus-sys/cosm-plus-sys.sdk/sys_top_wrapper_hw_platform_0/psu_init.tcl' is done.
08:15:42 INFO  : 'psu_init' command is executed.
08:15:43 INFO  : 'after 1000' command is executed.
08:15:43 INFO  : 'psu_ps_pl_isolation_removal' command is executed.
08:15:44 INFO  : 'after 1000' command is executed.
08:15:44 INFO  : 'psu_ps_pl_reset_config' command is executed.
08:15:44 INFO  : 'catch {psu_protection}' command is executed.
08:15:44 INFO  : Context for processor 'psu_cortexa53_0' is selected.
08:15:45 INFO  : The application 'D:/sources/DaisyPlus/NAND/Micron/OpenSSD/512bit/daisyplus_openssd_micron_4c2w/cosm-plus-sys/cosm-plus-sys.sdk/run-gr3ftl/Debug/run-gr3ftl.elf' is downloaded to processor 'psu_cortexa53_0'.
08:15:45 INFO  : 'configparams force-mem-access 0' command is executed.
08:15:45 INFO  : ----------------XSDB Script----------------
connect -url tcp:127.0.0.1:3121
source C:/Xilinx/SDK/2019.1/scripts/sdk/util/zynqmp_utils.tcl
targets -set -nocase -filter {name =~"APU*" && jtag_cable_name =~ "Digilent JTAG-SMT2NC 210308AFAE40"} -index 1
rst -system
after 3000
targets -set -nocase -filter {name =~"APU*" && jtag_cable_name =~ "Digilent JTAG-SMT2NC 210308AFAE40"} -index 1
reset_apu
targets -set -nocase -filter {name =~"RPU*" && jtag_cable_name =~ "Digilent JTAG-SMT2NC 210308AFAE40"} -index 1
clear_rpu_reset
targets -set -filter {jtag_cable_name =~ "Digilent JTAG-SMT2NC 210308AFAE40" && level==0} -index 0
fpga -file D:/sources/DaisyPlus/NAND/Micron/OpenSSD/512bit/daisyplus_openssd_micron_4c2w/cosm-plus-sys/cosm-plus-sys.sdk/sys_top_wrapper_hw_platform_0/sys_top_wrapper.bit
targets -set -nocase -filter {name =~"APU*" && jtag_cable_name =~ "Digilent JTAG-SMT2NC 210308AFAE40"} -index 1
loadhw -hw D:/sources/DaisyPlus/NAND/Micron/OpenSSD/512bit/daisyplus_openssd_micron_4c2w/cosm-plus-sys/cosm-plus-sys.sdk/sys_top_wrapper_hw_platform_0/system.hdf -mem-ranges [list {0x80000000 0xbfffffff} {0x400000000 0x5ffffffff} {0x1000000000 0x7fffffffff}]
configparams force-mem-access 1
targets -set -nocase -filter {name =~"APU*" && jtag_cable_name =~ "Digilent JTAG-SMT2NC 210308AFAE40"} -index 1
source D:/sources/DaisyPlus/NAND/Micron/OpenSSD/512bit/daisyplus_openssd_micron_4c2w/cosm-plus-sys/cosm-plus-sys.sdk/sys_top_wrapper_hw_platform_0/psu_init.tcl
psu_init
after 1000
psu_ps_pl_isolation_removal
after 1000
psu_ps_pl_reset_config
catch {psu_protection}
targets -set -nocase -filter {name =~"*A53*0" && jtag_cable_name =~ "Digilent JTAG-SMT2NC 210308AFAE40"} -index 1
dow D:/sources/DaisyPlus/NAND/Micron/OpenSSD/512bit/daisyplus_openssd_micron_4c2w/cosm-plus-sys/cosm-plus-sys.sdk/run-gr3ftl/Debug/run-gr3ftl.elf
configparams force-mem-access 0
----------------End of Script----------------

08:15:45 INFO  : Context for processor 'psu_cortexa53_0' is selected.
08:15:45 INFO  : 'con' command is executed.
08:15:45 INFO  : ----------------XSDB Script (After Launch)----------------
targets -set -nocase -filter {name =~"*A53*0" && jtag_cable_name =~ "Digilent JTAG-SMT2NC 210308AFAE40"} -index 1
con
----------------End of Script----------------

08:15:45 INFO  : Launch script is exported to file 'D:\sources\DaisyPlus\NAND\Micron\OpenSSD\512bit\daisyplus_openssd_micron_4c2w\cosm-plus-sys\cosm-plus-sys.sdk\.sdk\launch_scripts\xilinx_c-c++_application_(system_debugger)\system_debugger_on_local.tcl'
09:39:26 INFO  : Disconnected from the channel tcfchan#3.
15:44:16 INFO  : Registering command handlers for SDK TCF services
15:44:17 INFO  : Launching XSCT server: xsct.bat -interactive D:\sources\DaisyPlus\NAND\Micron\OpenSSD\512bit\daisyplus_openssd_micron_4c2w\cosm-plus-sys\cosm-plus-sys.sdk\temp_xsdb_launch_script.tcl
15:44:22 INFO  : XSCT server has started successfully.
15:44:22 INFO  : Successfully done setting XSCT server connection channel  
15:44:22 INFO  : Successfully done setting SDK workspace  
15:45:32 INFO  : Connected to target on host '127.0.0.1' and port '3121'.
15:45:32 INFO  : Jtag cable 'Digilent JTAG-SMT2NC 210308AF9684' is selected.
15:45:32 INFO  : 'jtag frequency' command is executed.
15:45:33 INFO  : Sourcing of 'C:/Xilinx/SDK/2019.1/scripts/sdk/util/zynqmp_utils.tcl' is done.
15:45:33 INFO  : Context for 'APU' is selected.
15:45:34 INFO  : System reset is completed.
15:45:37 INFO  : 'after 3000' command is executed.
15:45:37 INFO  : Context for 'APU' is selected.
15:45:37 INFO  : Cleared APU and A53 resets
15:45:37 INFO  : Context for 'RPU' is selected.
15:45:37 INFO  : Cleared RPU and R5 resets
15:45:38 INFO  : 'targets -set -filter {jtag_cable_name =~ "Digilent JTAG-SMT2NC 210308AF9684" && level==0} -index 0' command is executed.
15:45:50 INFO  : FPGA configured successfully with bitstream "D:/sources/DaisyPlus/NAND/Micron/OpenSSD/512bit/daisyplus_openssd_micron_4c2w/cosm-plus-sys/cosm-plus-sys.sdk/sys_top_wrapper_hw_platform_0/sys_top_wrapper.bit"
15:45:50 INFO  : Context for 'APU' is selected.
15:45:51 INFO  : Hardware design information is loaded from 'D:/sources/DaisyPlus/NAND/Micron/OpenSSD/512bit/daisyplus_openssd_micron_4c2w/cosm-plus-sys/cosm-plus-sys.sdk/sys_top_wrapper_hw_platform_0/system.hdf'.
15:45:51 INFO  : 'configparams force-mem-access 1' command is executed.
15:45:51 INFO  : Context for 'APU' is selected.
15:45:51 INFO  : Sourcing of 'D:/sources/DaisyPlus/NAND/Micron/OpenSSD/512bit/daisyplus_openssd_micron_4c2w/cosm-plus-sys/cosm-plus-sys.sdk/sys_top_wrapper_hw_platform_0/psu_init.tcl' is done.
15:45:51 INFO  : 'psu_init' command is executed.
15:45:52 INFO  : 'after 1000' command is executed.
15:45:53 INFO  : 'psu_ps_pl_isolation_removal' command is executed.
15:45:54 INFO  : 'after 1000' command is executed.
15:45:54 INFO  : 'psu_ps_pl_reset_config' command is executed.
15:45:54 INFO  : 'catch {psu_protection}' command is executed.
15:45:54 INFO  : Context for processor 'psu_cortexa53_0' is selected.
15:45:55 INFO  : The application 'D:/sources/DaisyPlus/NAND/Micron/OpenSSD/512bit/daisyplus_openssd_micron_4c2w/cosm-plus-sys/cosm-plus-sys.sdk/run-gr3ftl/Debug/run-gr3ftl.elf' is downloaded to processor 'psu_cortexa53_0'.
15:45:55 INFO  : 'configparams force-mem-access 0' command is executed.
15:45:55 INFO  : ----------------XSDB Script----------------
connect -url tcp:127.0.0.1:3121
source C:/Xilinx/SDK/2019.1/scripts/sdk/util/zynqmp_utils.tcl
targets -set -nocase -filter {name =~"APU*" && jtag_cable_name =~ "Digilent JTAG-SMT2NC 210308AF9684"} -index 1
rst -system
after 3000
targets -set -nocase -filter {name =~"APU*" && jtag_cable_name =~ "Digilent JTAG-SMT2NC 210308AF9684"} -index 1
reset_apu
targets -set -nocase -filter {name =~"RPU*" && jtag_cable_name =~ "Digilent JTAG-SMT2NC 210308AF9684"} -index 1
clear_rpu_reset
targets -set -filter {jtag_cable_name =~ "Digilent JTAG-SMT2NC 210308AF9684" && level==0} -index 0
fpga -file D:/sources/DaisyPlus/NAND/Micron/OpenSSD/512bit/daisyplus_openssd_micron_4c2w/cosm-plus-sys/cosm-plus-sys.sdk/sys_top_wrapper_hw_platform_0/sys_top_wrapper.bit
targets -set -nocase -filter {name =~"APU*" && jtag_cable_name =~ "Digilent JTAG-SMT2NC 210308AF9684"} -index 1
loadhw -hw D:/sources/DaisyPlus/NAND/Micron/OpenSSD/512bit/daisyplus_openssd_micron_4c2w/cosm-plus-sys/cosm-plus-sys.sdk/sys_top_wrapper_hw_platform_0/system.hdf -mem-ranges [list {0x80000000 0xbfffffff} {0x400000000 0x5ffffffff} {0x1000000000 0x7fffffffff}]
configparams force-mem-access 1
targets -set -nocase -filter {name =~"APU*" && jtag_cable_name =~ "Digilent JTAG-SMT2NC 210308AF9684"} -index 1
source D:/sources/DaisyPlus/NAND/Micron/OpenSSD/512bit/daisyplus_openssd_micron_4c2w/cosm-plus-sys/cosm-plus-sys.sdk/sys_top_wrapper_hw_platform_0/psu_init.tcl
psu_init
after 1000
psu_ps_pl_isolation_removal
after 1000
psu_ps_pl_reset_config
catch {psu_protection}
targets -set -nocase -filter {name =~"*A53*0" && jtag_cable_name =~ "Digilent JTAG-SMT2NC 210308AF9684"} -index 1
dow D:/sources/DaisyPlus/NAND/Micron/OpenSSD/512bit/daisyplus_openssd_micron_4c2w/cosm-plus-sys/cosm-plus-sys.sdk/run-gr3ftl/Debug/run-gr3ftl.elf
configparams force-mem-access 0
----------------End of Script----------------

15:45:55 INFO  : Context for processor 'psu_cortexa53_0' is selected.
15:45:55 INFO  : 'con' command is executed.
15:45:55 INFO  : ----------------XSDB Script (After Launch)----------------
targets -set -nocase -filter {name =~"*A53*0" && jtag_cable_name =~ "Digilent JTAG-SMT2NC 210308AF9684"} -index 1
con
----------------End of Script----------------

15:45:55 INFO  : Launch script is exported to file 'D:\sources\DaisyPlus\NAND\Micron\OpenSSD\512bit\daisyplus_openssd_micron_4c2w\cosm-plus-sys\cosm-plus-sys.sdk\.sdk\launch_scripts\xilinx_c-c++_application_(system_debugger)\system_debugger_on_local.tcl'
16:33:17 INFO  : Disconnected from the channel tcfchan#1.
18:19:52 INFO  : Registering command handlers for SDK TCF services
18:19:53 INFO  : Launching XSCT server: xsct.bat -interactive D:\sources\DaisyPlus\NAND\Micron\OpenSSD\512bit\daisyplus_openssd_micron_4c2w\cosm-plus-sys\cosm-plus-sys.sdk\temp_xsdb_launch_script.tcl
18:19:57 INFO  : XSCT server has started successfully.
18:19:58 INFO  : Successfully done setting XSCT server connection channel  
18:19:58 INFO  : Successfully done setting SDK workspace  
18:20:19 INFO  : Connected to target on host '127.0.0.1' and port '3121'.
18:20:20 INFO  : Jtag cable 'Digilent JTAG-SMT2NC 210308AF9684' is selected.
18:20:20 INFO  : 'jtag frequency' command is executed.
18:20:20 INFO  : Sourcing of 'C:/Xilinx/SDK/2019.1/scripts/sdk/util/zynqmp_utils.tcl' is done.
18:20:20 INFO  : Context for 'APU' is selected.
18:20:21 INFO  : System reset is completed.
18:20:24 INFO  : 'after 3000' command is executed.
18:20:24 INFO  : Context for 'APU' is selected.
18:20:24 INFO  : Cleared APU and A53 resets
18:20:24 INFO  : Context for 'RPU' is selected.
18:20:24 INFO  : Cleared RPU and R5 resets
18:20:25 INFO  : 'targets -set -filter {jtag_cable_name =~ "Digilent JTAG-SMT2NC 210308AF9684" && level==0} -index 0' command is executed.
18:20:37 INFO  : FPGA configured successfully with bitstream "D:/sources/DaisyPlus/NAND/Micron/OpenSSD/512bit/daisyplus_openssd_micron_4c2w/cosm-plus-sys/cosm-plus-sys.sdk/sys_top_wrapper_hw_platform_0/sys_top_wrapper.bit"
18:20:37 INFO  : Context for 'APU' is selected.
18:20:38 INFO  : Hardware design information is loaded from 'D:/sources/DaisyPlus/NAND/Micron/OpenSSD/512bit/daisyplus_openssd_micron_4c2w/cosm-plus-sys/cosm-plus-sys.sdk/sys_top_wrapper_hw_platform_0/system.hdf'.
18:20:38 INFO  : 'configparams force-mem-access 1' command is executed.
18:20:38 INFO  : Context for 'APU' is selected.
18:20:38 INFO  : Sourcing of 'D:/sources/DaisyPlus/NAND/Micron/OpenSSD/512bit/daisyplus_openssd_micron_4c2w/cosm-plus-sys/cosm-plus-sys.sdk/sys_top_wrapper_hw_platform_0/psu_init.tcl' is done.
18:20:39 INFO  : 'psu_init' command is executed.
18:20:40 INFO  : 'after 1000' command is executed.
18:20:40 INFO  : 'psu_ps_pl_isolation_removal' command is executed.
18:20:41 INFO  : 'after 1000' command is executed.
18:20:41 INFO  : 'psu_ps_pl_reset_config' command is executed.
18:20:41 INFO  : 'catch {psu_protection}' command is executed.
18:20:41 INFO  : Context for processor 'psu_cortexa53_0' is selected.
18:20:42 INFO  : The application 'D:/sources/DaisyPlus/NAND/Micron/OpenSSD/512bit/daisyplus_openssd_micron_4c2w/cosm-plus-sys/cosm-plus-sys.sdk/run-gr3ftl/Debug/run-gr3ftl.elf' is downloaded to processor 'psu_cortexa53_0'.
18:20:42 INFO  : 'configparams force-mem-access 0' command is executed.
18:20:42 INFO  : ----------------XSDB Script----------------
connect -url tcp:127.0.0.1:3121
source C:/Xilinx/SDK/2019.1/scripts/sdk/util/zynqmp_utils.tcl
targets -set -nocase -filter {name =~"APU*" && jtag_cable_name =~ "Digilent JTAG-SMT2NC 210308AF9684"} -index 1
rst -system
after 3000
targets -set -nocase -filter {name =~"APU*" && jtag_cable_name =~ "Digilent JTAG-SMT2NC 210308AF9684"} -index 1
reset_apu
targets -set -nocase -filter {name =~"RPU*" && jtag_cable_name =~ "Digilent JTAG-SMT2NC 210308AF9684"} -index 1
clear_rpu_reset
targets -set -filter {jtag_cable_name =~ "Digilent JTAG-SMT2NC 210308AF9684" && level==0} -index 0
fpga -file D:/sources/DaisyPlus/NAND/Micron/OpenSSD/512bit/daisyplus_openssd_micron_4c2w/cosm-plus-sys/cosm-plus-sys.sdk/sys_top_wrapper_hw_platform_0/sys_top_wrapper.bit
targets -set -nocase -filter {name =~"APU*" && jtag_cable_name =~ "Digilent JTAG-SMT2NC 210308AF9684"} -index 1
loadhw -hw D:/sources/DaisyPlus/NAND/Micron/OpenSSD/512bit/daisyplus_openssd_micron_4c2w/cosm-plus-sys/cosm-plus-sys.sdk/sys_top_wrapper_hw_platform_0/system.hdf -mem-ranges [list {0x80000000 0xbfffffff} {0x400000000 0x5ffffffff} {0x1000000000 0x7fffffffff}]
configparams force-mem-access 1
targets -set -nocase -filter {name =~"APU*" && jtag_cable_name =~ "Digilent JTAG-SMT2NC 210308AF9684"} -index 1
source D:/sources/DaisyPlus/NAND/Micron/OpenSSD/512bit/daisyplus_openssd_micron_4c2w/cosm-plus-sys/cosm-plus-sys.sdk/sys_top_wrapper_hw_platform_0/psu_init.tcl
psu_init
after 1000
psu_ps_pl_isolation_removal
after 1000
psu_ps_pl_reset_config
catch {psu_protection}
targets -set -nocase -filter {name =~"*A53*0" && jtag_cable_name =~ "Digilent JTAG-SMT2NC 210308AF9684"} -index 1
dow D:/sources/DaisyPlus/NAND/Micron/OpenSSD/512bit/daisyplus_openssd_micron_4c2w/cosm-plus-sys/cosm-plus-sys.sdk/run-gr3ftl/Debug/run-gr3ftl.elf
configparams force-mem-access 0
----------------End of Script----------------

18:20:42 INFO  : Context for processor 'psu_cortexa53_0' is selected.
18:20:42 INFO  : 'con' command is executed.
18:20:42 INFO  : ----------------XSDB Script (After Launch)----------------
targets -set -nocase -filter {name =~"*A53*0" && jtag_cable_name =~ "Digilent JTAG-SMT2NC 210308AF9684"} -index 1
con
----------------End of Script----------------

18:20:42 INFO  : Launch script is exported to file 'D:\sources\DaisyPlus\NAND\Micron\OpenSSD\512bit\daisyplus_openssd_micron_4c2w\cosm-plus-sys\cosm-plus-sys.sdk\.sdk\launch_scripts\xilinx_c-c++_application_(system_debugger)\system_debugger_on_local.tcl'
18:40:30 INFO  : Disconnected from the channel tcfchan#1.
15:20:15 INFO  : Registering command handlers for SDK TCF services
15:20:16 INFO  : Launching XSCT server: xsct.bat -interactive D:\sources\DaisyPlus\NAND\Micron\OpenSSD\512bit\daisyplus_openssd_micron_4c2w\cosm-plus-sys\cosm-plus-sys.sdk\temp_xsdb_launch_script.tcl
15:20:19 INFO  : XSCT server has started successfully.
15:20:20 INFO  : Successfully done setting XSCT server connection channel  
15:20:20 INFO  : Successfully done setting SDK workspace  
15:20:51 INFO  : Connected to target on host '127.0.0.1' and port '3121'.
15:20:53 INFO  : Jtag cable 'Digilent JTAG-SMT2NC 210308AF9684' is selected.
15:20:53 INFO  : 'jtag frequency' command is executed.
15:20:53 INFO  : Sourcing of 'C:/Xilinx/SDK/2019.1/scripts/sdk/util/zynqmp_utils.tcl' is done.
15:20:53 INFO  : Context for 'APU' is selected.
15:20:54 INFO  : System reset is completed.
15:20:57 INFO  : 'after 3000' command is executed.
15:20:57 INFO  : Context for 'APU' is selected.
15:20:57 INFO  : Cleared APU and A53 resets
15:20:57 INFO  : Context for 'RPU' is selected.
15:20:57 INFO  : Cleared RPU and R5 resets
15:20:58 INFO  : 'targets -set -filter {jtag_cable_name =~ "Digilent JTAG-SMT2NC 210308AF9684" && level==0} -index 0' command is executed.
15:21:10 INFO  : FPGA configured successfully with bitstream "D:/sources/DaisyPlus/NAND/Micron/OpenSSD/512bit/daisyplus_openssd_micron_4c2w/cosm-plus-sys/cosm-plus-sys.sdk/sys_top_wrapper_hw_platform_0/sys_top_wrapper.bit"
15:21:10 INFO  : Context for 'APU' is selected.
15:21:11 INFO  : Hardware design information is loaded from 'D:/sources/DaisyPlus/NAND/Micron/OpenSSD/512bit/daisyplus_openssd_micron_4c2w/cosm-plus-sys/cosm-plus-sys.sdk/sys_top_wrapper_hw_platform_0/system.hdf'.
15:21:11 INFO  : 'configparams force-mem-access 1' command is executed.
15:21:11 INFO  : Context for 'APU' is selected.
15:21:11 INFO  : Sourcing of 'D:/sources/DaisyPlus/NAND/Micron/OpenSSD/512bit/daisyplus_openssd_micron_4c2w/cosm-plus-sys/cosm-plus-sys.sdk/sys_top_wrapper_hw_platform_0/psu_init.tcl' is done.
15:21:12 INFO  : 'psu_init' command is executed.
15:21:13 INFO  : 'after 1000' command is executed.
15:21:13 INFO  : 'psu_ps_pl_isolation_removal' command is executed.
15:21:14 INFO  : 'after 1000' command is executed.
15:21:14 INFO  : 'psu_ps_pl_reset_config' command is executed.
15:21:14 INFO  : 'catch {psu_protection}' command is executed.
15:21:14 INFO  : Context for processor 'psu_cortexa53_0' is selected.
15:21:15 INFO  : The application 'D:/sources/DaisyPlus/NAND/Micron/OpenSSD/512bit/daisyplus_openssd_micron_4c2w/cosm-plus-sys/cosm-plus-sys.sdk/run-gr3ftl/Debug/run-gr3ftl.elf' is downloaded to processor 'psu_cortexa53_0'.
15:21:15 INFO  : 'configparams force-mem-access 0' command is executed.
15:21:15 INFO  : ----------------XSDB Script----------------
connect -url tcp:127.0.0.1:3121
source C:/Xilinx/SDK/2019.1/scripts/sdk/util/zynqmp_utils.tcl
targets -set -nocase -filter {name =~"APU*" && jtag_cable_name =~ "Digilent JTAG-SMT2NC 210308AF9684"} -index 1
rst -system
after 3000
targets -set -nocase -filter {name =~"APU*" && jtag_cable_name =~ "Digilent JTAG-SMT2NC 210308AF9684"} -index 1
reset_apu
targets -set -nocase -filter {name =~"RPU*" && jtag_cable_name =~ "Digilent JTAG-SMT2NC 210308AF9684"} -index 1
clear_rpu_reset
targets -set -filter {jtag_cable_name =~ "Digilent JTAG-SMT2NC 210308AF9684" && level==0} -index 0
fpga -file D:/sources/DaisyPlus/NAND/Micron/OpenSSD/512bit/daisyplus_openssd_micron_4c2w/cosm-plus-sys/cosm-plus-sys.sdk/sys_top_wrapper_hw_platform_0/sys_top_wrapper.bit
targets -set -nocase -filter {name =~"APU*" && jtag_cable_name =~ "Digilent JTAG-SMT2NC 210308AF9684"} -index 1
loadhw -hw D:/sources/DaisyPlus/NAND/Micron/OpenSSD/512bit/daisyplus_openssd_micron_4c2w/cosm-plus-sys/cosm-plus-sys.sdk/sys_top_wrapper_hw_platform_0/system.hdf -mem-ranges [list {0x80000000 0xbfffffff} {0x400000000 0x5ffffffff} {0x1000000000 0x7fffffffff}]
configparams force-mem-access 1
targets -set -nocase -filter {name =~"APU*" && jtag_cable_name =~ "Digilent JTAG-SMT2NC 210308AF9684"} -index 1
source D:/sources/DaisyPlus/NAND/Micron/OpenSSD/512bit/daisyplus_openssd_micron_4c2w/cosm-plus-sys/cosm-plus-sys.sdk/sys_top_wrapper_hw_platform_0/psu_init.tcl
psu_init
after 1000
psu_ps_pl_isolation_removal
after 1000
psu_ps_pl_reset_config
catch {psu_protection}
targets -set -nocase -filter {name =~"*A53*0" && jtag_cable_name =~ "Digilent JTAG-SMT2NC 210308AF9684"} -index 1
dow D:/sources/DaisyPlus/NAND/Micron/OpenSSD/512bit/daisyplus_openssd_micron_4c2w/cosm-plus-sys/cosm-plus-sys.sdk/run-gr3ftl/Debug/run-gr3ftl.elf
configparams force-mem-access 0
----------------End of Script----------------

15:21:15 INFO  : Context for processor 'psu_cortexa53_0' is selected.
15:21:15 INFO  : 'con' command is executed.
15:21:15 INFO  : ----------------XSDB Script (After Launch)----------------
targets -set -nocase -filter {name =~"*A53*0" && jtag_cable_name =~ "Digilent JTAG-SMT2NC 210308AF9684"} -index 1
con
----------------End of Script----------------

15:21:15 INFO  : Launch script is exported to file 'D:\sources\DaisyPlus\NAND\Micron\OpenSSD\512bit\daisyplus_openssd_micron_4c2w\cosm-plus-sys\cosm-plus-sys.sdk\.sdk\launch_scripts\xilinx_c-c++_application_(system_debugger)\system_debugger_on_local.tcl'
15:53:05 INFO  : Disconnected from the channel tcfchan#1.
15:53:06 INFO  : Connected to target on host '127.0.0.1' and port '3121'.
15:53:06 INFO  : Jtag cable 'Digilent JTAG-SMT2NC 210308AF9684' is selected.
15:53:06 INFO  : 'jtag frequency' command is executed.
15:53:06 INFO  : Sourcing of 'C:/Xilinx/SDK/2019.1/scripts/sdk/util/zynqmp_utils.tcl' is done.
15:53:06 INFO  : Context for 'APU' is selected.
15:53:07 INFO  : System reset is completed.
15:53:10 INFO  : 'after 3000' command is executed.
15:53:10 INFO  : Context for 'APU' is selected.
15:53:10 INFO  : Cleared APU and A53 resets
15:53:10 INFO  : Context for 'RPU' is selected.
15:53:11 INFO  : Cleared RPU and R5 resets
15:53:11 INFO  : 'targets -set -filter {jtag_cable_name =~ "Digilent JTAG-SMT2NC 210308AF9684" && level==0} -index 0' command is executed.
15:53:24 INFO  : FPGA configured successfully with bitstream "D:/sources/DaisyPlus/NAND/Micron/OpenSSD/512bit/daisyplus_openssd_micron_4c2w/cosm-plus-sys/cosm-plus-sys.sdk/sys_top_wrapper_hw_platform_0/sys_top_wrapper.bit"
15:53:24 INFO  : Context for 'APU' is selected.
15:53:34 INFO  : Hardware design information is loaded from 'D:/sources/DaisyPlus/NAND/Micron/OpenSSD/512bit/daisyplus_openssd_micron_4c2w/cosm-plus-sys/cosm-plus-sys.sdk/sys_top_wrapper_hw_platform_0/system.hdf'.
15:53:34 INFO  : 'configparams force-mem-access 1' command is executed.
15:53:34 INFO  : Context for 'APU' is selected.
15:53:34 INFO  : Sourcing of 'D:/sources/DaisyPlus/NAND/Micron/OpenSSD/512bit/daisyplus_openssd_micron_4c2w/cosm-plus-sys/cosm-plus-sys.sdk/sys_top_wrapper_hw_platform_0/psu_init.tcl' is done.
15:53:35 INFO  : 'psu_init' command is executed.
15:53:36 INFO  : 'after 1000' command is executed.
15:53:36 INFO  : 'psu_ps_pl_isolation_removal' command is executed.
15:53:37 INFO  : 'after 1000' command is executed.
15:53:37 INFO  : 'psu_ps_pl_reset_config' command is executed.
15:53:37 INFO  : 'catch {psu_protection}' command is executed.
15:53:37 INFO  : Context for processor 'psu_cortexa53_0' is selected.
15:53:39 INFO  : The application 'D:/sources/DaisyPlus/NAND/Micron/OpenSSD/512bit/daisyplus_openssd_micron_4c2w/cosm-plus-sys/cosm-plus-sys.sdk/run-gr3ftl/Debug/run-gr3ftl.elf' is downloaded to processor 'psu_cortexa53_0'.
15:53:39 INFO  : 'configparams force-mem-access 0' command is executed.
15:53:39 INFO  : ----------------XSDB Script----------------
connect -url tcp:127.0.0.1:3121
source C:/Xilinx/SDK/2019.1/scripts/sdk/util/zynqmp_utils.tcl
targets -set -nocase -filter {name =~"APU*" && jtag_cable_name =~ "Digilent JTAG-SMT2NC 210308AF9684"} -index 1
rst -system
after 3000
targets -set -nocase -filter {name =~"APU*" && jtag_cable_name =~ "Digilent JTAG-SMT2NC 210308AF9684"} -index 1
reset_apu
targets -set -nocase -filter {name =~"RPU*" && jtag_cable_name =~ "Digilent JTAG-SMT2NC 210308AF9684"} -index 1
clear_rpu_reset
targets -set -filter {jtag_cable_name =~ "Digilent JTAG-SMT2NC 210308AF9684" && level==0} -index 0
fpga -file D:/sources/DaisyPlus/NAND/Micron/OpenSSD/512bit/daisyplus_openssd_micron_4c2w/cosm-plus-sys/cosm-plus-sys.sdk/sys_top_wrapper_hw_platform_0/sys_top_wrapper.bit
targets -set -nocase -filter {name =~"APU*" && jtag_cable_name =~ "Digilent JTAG-SMT2NC 210308AF9684"} -index 1
loadhw -hw D:/sources/DaisyPlus/NAND/Micron/OpenSSD/512bit/daisyplus_openssd_micron_4c2w/cosm-plus-sys/cosm-plus-sys.sdk/sys_top_wrapper_hw_platform_0/system.hdf -mem-ranges [list {0x80000000 0xbfffffff} {0x400000000 0x5ffffffff} {0x1000000000 0x7fffffffff}]
configparams force-mem-access 1
targets -set -nocase -filter {name =~"APU*" && jtag_cable_name =~ "Digilent JTAG-SMT2NC 210308AF9684"} -index 1
source D:/sources/DaisyPlus/NAND/Micron/OpenSSD/512bit/daisyplus_openssd_micron_4c2w/cosm-plus-sys/cosm-plus-sys.sdk/sys_top_wrapper_hw_platform_0/psu_init.tcl
psu_init
after 1000
psu_ps_pl_isolation_removal
after 1000
psu_ps_pl_reset_config
catch {psu_protection}
targets -set -nocase -filter {name =~"*A53*0" && jtag_cable_name =~ "Digilent JTAG-SMT2NC 210308AF9684"} -index 1
dow D:/sources/DaisyPlus/NAND/Micron/OpenSSD/512bit/daisyplus_openssd_micron_4c2w/cosm-plus-sys/cosm-plus-sys.sdk/run-gr3ftl/Debug/run-gr3ftl.elf
configparams force-mem-access 0
----------------End of Script----------------

15:53:39 INFO  : Context for processor 'psu_cortexa53_0' is selected.
15:53:39 INFO  : 'con' command is executed.
15:53:39 INFO  : ----------------XSDB Script (After Launch)----------------
targets -set -nocase -filter {name =~"*A53*0" && jtag_cable_name =~ "Digilent JTAG-SMT2NC 210308AF9684"} -index 1
con
----------------End of Script----------------

15:53:39 INFO  : Launch script is exported to file 'D:\sources\DaisyPlus\NAND\Micron\OpenSSD\512bit\daisyplus_openssd_micron_4c2w\cosm-plus-sys\cosm-plus-sys.sdk\.sdk\launch_scripts\xilinx_c-c++_application_(system_debugger)\system_debugger_on_local.tcl'
15:59:02 INFO  : Disconnected from the channel tcfchan#2.
13:19:43 INFO  : Registering command handlers for SDK TCF services
13:19:44 INFO  : Launching XSCT server: xsct.bat -interactive D:\sources\DaisyPlus\NAND\Micron\OpenSSD\512bit\daisyplus_openssd_micron_4c2w\cosm-plus-sys\cosm-plus-sys.sdk\temp_xsdb_launch_script.tcl
13:19:47 INFO  : XSCT server has started successfully.
13:19:48 INFO  : Successfully done setting XSCT server connection channel  
13:19:48 INFO  : Successfully done setting SDK workspace  
13:30:25 INFO  : Connected to target on host '127.0.0.1' and port '3121'.
13:30:26 INFO  : Jtag cable 'Digilent JTAG-SMT2NC 210308AF9684' is selected.
13:30:26 INFO  : 'jtag frequency' command is executed.
13:30:26 INFO  : Sourcing of 'C:/Xilinx/SDK/2019.1/scripts/sdk/util/zynqmp_utils.tcl' is done.
13:30:26 INFO  : Context for 'APU' is selected.
13:30:27 INFO  : System reset is completed.
13:30:30 INFO  : 'after 3000' command is executed.
13:30:30 INFO  : Context for 'APU' is selected.
13:30:31 INFO  : Cleared APU and A53 resets
13:30:31 INFO  : Context for 'RPU' is selected.
13:30:31 INFO  : Cleared RPU and R5 resets
13:30:31 INFO  : 'targets -set -filter {jtag_cable_name =~ "Digilent JTAG-SMT2NC 210308AF9684" && level==0} -index 0' command is executed.
13:30:44 INFO  : FPGA configured successfully with bitstream "D:/sources/DaisyPlus/NAND/Micron/OpenSSD/512bit/daisyplus_openssd_micron_4c2w/cosm-plus-sys/cosm-plus-sys.sdk/sys_top_wrapper_hw_platform_0/sys_top_wrapper.bit"
13:30:44 INFO  : Context for 'APU' is selected.
13:30:44 INFO  : Hardware design information is loaded from 'D:/sources/DaisyPlus/NAND/Micron/OpenSSD/512bit/daisyplus_openssd_micron_4c2w/cosm-plus-sys/cosm-plus-sys.sdk/sys_top_wrapper_hw_platform_0/system.hdf'.
13:30:44 INFO  : 'configparams force-mem-access 1' command is executed.
13:30:44 INFO  : Context for 'APU' is selected.
13:30:44 INFO  : Sourcing of 'D:/sources/DaisyPlus/NAND/Micron/OpenSSD/512bit/daisyplus_openssd_micron_4c2w/cosm-plus-sys/cosm-plus-sys.sdk/sys_top_wrapper_hw_platform_0/psu_init.tcl' is done.
13:30:45 INFO  : 'psu_init' command is executed.
13:30:46 INFO  : 'after 1000' command is executed.
13:30:46 INFO  : 'psu_ps_pl_isolation_removal' command is executed.
13:30:47 INFO  : 'after 1000' command is executed.
13:30:47 INFO  : 'psu_ps_pl_reset_config' command is executed.
13:30:47 INFO  : 'catch {psu_protection}' command is executed.
13:30:47 INFO  : Context for processor 'psu_cortexa53_0' is selected.
13:30:48 INFO  : The application 'D:/sources/DaisyPlus/NAND/Micron/OpenSSD/512bit/daisyplus_openssd_micron_4c2w/cosm-plus-sys/cosm-plus-sys.sdk/run-gr3ftl/Debug/run-gr3ftl.elf' is downloaded to processor 'psu_cortexa53_0'.
13:30:48 INFO  : 'configparams force-mem-access 0' command is executed.
13:30:48 INFO  : ----------------XSDB Script----------------
connect -url tcp:127.0.0.1:3121
source C:/Xilinx/SDK/2019.1/scripts/sdk/util/zynqmp_utils.tcl
targets -set -nocase -filter {name =~"APU*" && jtag_cable_name =~ "Digilent JTAG-SMT2NC 210308AF9684"} -index 1
rst -system
after 3000
targets -set -nocase -filter {name =~"APU*" && jtag_cable_name =~ "Digilent JTAG-SMT2NC 210308AF9684"} -index 1
reset_apu
targets -set -nocase -filter {name =~"RPU*" && jtag_cable_name =~ "Digilent JTAG-SMT2NC 210308AF9684"} -index 1
clear_rpu_reset
targets -set -filter {jtag_cable_name =~ "Digilent JTAG-SMT2NC 210308AF9684" && level==0} -index 0
fpga -file D:/sources/DaisyPlus/NAND/Micron/OpenSSD/512bit/daisyplus_openssd_micron_4c2w/cosm-plus-sys/cosm-plus-sys.sdk/sys_top_wrapper_hw_platform_0/sys_top_wrapper.bit
targets -set -nocase -filter {name =~"APU*" && jtag_cable_name =~ "Digilent JTAG-SMT2NC 210308AF9684"} -index 1
loadhw -hw D:/sources/DaisyPlus/NAND/Micron/OpenSSD/512bit/daisyplus_openssd_micron_4c2w/cosm-plus-sys/cosm-plus-sys.sdk/sys_top_wrapper_hw_platform_0/system.hdf -mem-ranges [list {0x80000000 0xbfffffff} {0x400000000 0x5ffffffff} {0x1000000000 0x7fffffffff}]
configparams force-mem-access 1
targets -set -nocase -filter {name =~"APU*" && jtag_cable_name =~ "Digilent JTAG-SMT2NC 210308AF9684"} -index 1
source D:/sources/DaisyPlus/NAND/Micron/OpenSSD/512bit/daisyplus_openssd_micron_4c2w/cosm-plus-sys/cosm-plus-sys.sdk/sys_top_wrapper_hw_platform_0/psu_init.tcl
psu_init
after 1000
psu_ps_pl_isolation_removal
after 1000
psu_ps_pl_reset_config
catch {psu_protection}
targets -set -nocase -filter {name =~"*A53*0" && jtag_cable_name =~ "Digilent JTAG-SMT2NC 210308AF9684"} -index 1
dow D:/sources/DaisyPlus/NAND/Micron/OpenSSD/512bit/daisyplus_openssd_micron_4c2w/cosm-plus-sys/cosm-plus-sys.sdk/run-gr3ftl/Debug/run-gr3ftl.elf
configparams force-mem-access 0
----------------End of Script----------------

13:30:49 INFO  : Context for processor 'psu_cortexa53_0' is selected.
13:30:49 INFO  : 'con' command is executed.
13:30:49 INFO  : ----------------XSDB Script (After Launch)----------------
targets -set -nocase -filter {name =~"*A53*0" && jtag_cable_name =~ "Digilent JTAG-SMT2NC 210308AF9684"} -index 1
con
----------------End of Script----------------

13:30:49 INFO  : Launch script is exported to file 'D:\sources\DaisyPlus\NAND\Micron\OpenSSD\512bit\daisyplus_openssd_micron_4c2w\cosm-plus-sys\cosm-plus-sys.sdk\.sdk\launch_scripts\xilinx_c-c++_application_(system_debugger)\system_debugger_on_local.tcl'
13:33:03 INFO  : Disconnected from the channel tcfchan#1.
13:33:04 INFO  : Connected to target on host '127.0.0.1' and port '3121'.
13:33:04 INFO  : Jtag cable 'Digilent JTAG-SMT2NC 210308AF9684' is selected.
13:33:04 INFO  : 'jtag frequency' command is executed.
13:33:04 INFO  : Sourcing of 'C:/Xilinx/SDK/2019.1/scripts/sdk/util/zynqmp_utils.tcl' is done.
13:33:04 INFO  : Context for 'APU' is selected.
13:33:05 INFO  : System reset is completed.
13:33:08 INFO  : 'after 3000' command is executed.
13:33:08 INFO  : Context for 'APU' is selected.
13:33:08 INFO  : Cleared APU and A53 resets
13:33:08 INFO  : Context for 'RPU' is selected.
13:33:08 INFO  : Cleared RPU and R5 resets
13:33:09 INFO  : 'targets -set -filter {jtag_cable_name =~ "Digilent JTAG-SMT2NC 210308AF9684" && level==0} -index 0' command is executed.
13:33:21 INFO  : FPGA configured successfully with bitstream "D:/sources/DaisyPlus/NAND/Micron/OpenSSD/512bit/daisyplus_openssd_micron_4c2w/cosm-plus-sys/cosm-plus-sys.sdk/sys_top_wrapper_hw_platform_0/sys_top_wrapper.bit"
13:33:21 INFO  : Context for 'APU' is selected.
13:33:31 INFO  : Hardware design information is loaded from 'D:/sources/DaisyPlus/NAND/Micron/OpenSSD/512bit/daisyplus_openssd_micron_4c2w/cosm-plus-sys/cosm-plus-sys.sdk/sys_top_wrapper_hw_platform_0/system.hdf'.
13:33:31 INFO  : 'configparams force-mem-access 1' command is executed.
13:33:31 INFO  : Context for 'APU' is selected.
13:33:31 INFO  : Sourcing of 'D:/sources/DaisyPlus/NAND/Micron/OpenSSD/512bit/daisyplus_openssd_micron_4c2w/cosm-plus-sys/cosm-plus-sys.sdk/sys_top_wrapper_hw_platform_0/psu_init.tcl' is done.
13:33:33 INFO  : 'psu_init' command is executed.
13:33:34 INFO  : 'after 1000' command is executed.
13:33:34 INFO  : 'psu_ps_pl_isolation_removal' command is executed.
13:33:35 INFO  : 'after 1000' command is executed.
13:33:35 INFO  : 'psu_ps_pl_reset_config' command is executed.
13:33:35 INFO  : 'catch {psu_protection}' command is executed.
13:33:35 INFO  : Context for processor 'psu_cortexa53_0' is selected.
13:33:36 INFO  : The application 'D:/sources/DaisyPlus/NAND/Micron/OpenSSD/512bit/daisyplus_openssd_micron_4c2w/cosm-plus-sys/cosm-plus-sys.sdk/run-gr3ftl/Debug/run-gr3ftl.elf' is downloaded to processor 'psu_cortexa53_0'.
13:33:36 INFO  : 'configparams force-mem-access 0' command is executed.
13:33:36 INFO  : ----------------XSDB Script----------------
connect -url tcp:127.0.0.1:3121
source C:/Xilinx/SDK/2019.1/scripts/sdk/util/zynqmp_utils.tcl
targets -set -nocase -filter {name =~"APU*" && jtag_cable_name =~ "Digilent JTAG-SMT2NC 210308AF9684"} -index 1
rst -system
after 3000
targets -set -nocase -filter {name =~"APU*" && jtag_cable_name =~ "Digilent JTAG-SMT2NC 210308AF9684"} -index 1
reset_apu
targets -set -nocase -filter {name =~"RPU*" && jtag_cable_name =~ "Digilent JTAG-SMT2NC 210308AF9684"} -index 1
clear_rpu_reset
targets -set -filter {jtag_cable_name =~ "Digilent JTAG-SMT2NC 210308AF9684" && level==0} -index 0
fpga -file D:/sources/DaisyPlus/NAND/Micron/OpenSSD/512bit/daisyplus_openssd_micron_4c2w/cosm-plus-sys/cosm-plus-sys.sdk/sys_top_wrapper_hw_platform_0/sys_top_wrapper.bit
targets -set -nocase -filter {name =~"APU*" && jtag_cable_name =~ "Digilent JTAG-SMT2NC 210308AF9684"} -index 1
loadhw -hw D:/sources/DaisyPlus/NAND/Micron/OpenSSD/512bit/daisyplus_openssd_micron_4c2w/cosm-plus-sys/cosm-plus-sys.sdk/sys_top_wrapper_hw_platform_0/system.hdf -mem-ranges [list {0x80000000 0xbfffffff} {0x400000000 0x5ffffffff} {0x1000000000 0x7fffffffff}]
configparams force-mem-access 1
targets -set -nocase -filter {name =~"APU*" && jtag_cable_name =~ "Digilent JTAG-SMT2NC 210308AF9684"} -index 1
source D:/sources/DaisyPlus/NAND/Micron/OpenSSD/512bit/daisyplus_openssd_micron_4c2w/cosm-plus-sys/cosm-plus-sys.sdk/sys_top_wrapper_hw_platform_0/psu_init.tcl
psu_init
after 1000
psu_ps_pl_isolation_removal
after 1000
psu_ps_pl_reset_config
catch {psu_protection}
targets -set -nocase -filter {name =~"*A53*0" && jtag_cable_name =~ "Digilent JTAG-SMT2NC 210308AF9684"} -index 1
dow D:/sources/DaisyPlus/NAND/Micron/OpenSSD/512bit/daisyplus_openssd_micron_4c2w/cosm-plus-sys/cosm-plus-sys.sdk/run-gr3ftl/Debug/run-gr3ftl.elf
configparams force-mem-access 0
----------------End of Script----------------

13:33:36 INFO  : Context for processor 'psu_cortexa53_0' is selected.
13:33:36 INFO  : 'con' command is executed.
13:33:36 INFO  : ----------------XSDB Script (After Launch)----------------
targets -set -nocase -filter {name =~"*A53*0" && jtag_cable_name =~ "Digilent JTAG-SMT2NC 210308AF9684"} -index 1
con
----------------End of Script----------------

13:33:36 INFO  : Launch script is exported to file 'D:\sources\DaisyPlus\NAND\Micron\OpenSSD\512bit\daisyplus_openssd_micron_4c2w\cosm-plus-sys\cosm-plus-sys.sdk\.sdk\launch_scripts\xilinx_c-c++_application_(system_debugger)\system_debugger_on_local.tcl'
13:40:37 INFO  : Disconnected from the channel tcfchan#2.
