#-----------------------------------------------------------
# Webtalk v2019.1 (64-bit)
# SW Build 2552052 on Fri May 24 14:49:42 MDT 2019
# 
# Start of session at: Mon May 15 10:18:36 2023
# Process ID: 295912
# Current directory: F:/cosm-plus-sys.sdk/webtalk
# Command line: wbtcv.exe -mode batch -source sdk_webtalk.tcl
# Log file: F:/cosm-plus-sys.sdk/webtalk/webtalk.log
# Journal file: F:/cosm-plus-sys.sdk/webtalk\webtalk.jou
#-----------------------------------------------------------
source sdk_webtalk.tcl
# webtalk_init -webtalk_dir F:\\cosm-plus-sys.sdk\\webtalk
# webtalk_register_client -client project
# webtalk_add_data -client project -key date_generated -value "2023-05-15 10:18:32" -context "software_version_and_target_device"
# webtalk_add_data -client project -key product_version -value "SDK v2019.1" -context "software_version_and_target_device"
# webtalk_add_data -client project -key build_version -value "2019.1" -context "software_version_and_target_device"
# webtalk_add_data -client project -key os_platform -value "amd64" -context "software_version_and_target_device"
# webtalk_add_data -client project -key registration_id -value "" -context "software_version_and_target_device"
# webtalk_add_data -client project -key tool_flow -value "SDK" -context "software_version_and_target_device"
# webtalk_add_data -client project -key beta -value "false" -context "software_version_and_target_device"
# webtalk_add_data -client project -key route_design -value "NA" -context "software_version_and_target_device"
# webtalk_add_data -client project -key target_family -value "NA" -context "software_version_and_target_device"
# webtalk_add_data -client project -key target_device -value "NA" -context "software_version_and_target_device"
# webtalk_add_data -client project -key target_package -value "NA" -context "software_version_and_target_device"
# webtalk_add_data -client project -key target_speed -value "NA" -context "software_version_and_target_device"
# webtalk_add_data -client project -key random_id -value "mjd1ha7sdd5ubf78rv0bhs8jea" -context "software_version_and_target_device"
# webtalk_add_data -client project -key project_id -value "2019.1_268" -context "software_version_and_target_device"
# webtalk_add_data -client project -key project_iteration -value "268" -context "software_version_and_target_device"
# webtalk_add_data -client project -key os_name -value "Microsoft Windows 8 or later , 64-bit" -context "user_environment"
# webtalk_add_data -client project -key os_release -value "major release  (build 9200)" -context "user_environment"
# webtalk_add_data -client project -key cpu_name -value "Intel(R) Core(TM) i7-6700 CPU @ 3.40GHz" -context "user_environment"
# webtalk_add_data -client project -key cpu_speed -value "3408 MHz" -context "user_environment"
# webtalk_add_data -client project -key total_processors -value "1" -context "user_environment"
# webtalk_add_data -client project -key system_ram -value "34.237 GB" -context "user_environment"
# webtalk_register_client -client sdk
# webtalk_add_data -client sdk -key uid -value "1684099049094" -context "sdk\\\\hardware/1684099049094"
# webtalk_add_data -client sdk -key isZynq -value "false" -context "sdk\\\\hardware/1684099049094"
# webtalk_add_data -client sdk -key isZynqMP -value "true" -context "sdk\\\\hardware/1684099049094"
# webtalk_add_data -client sdk -key Processors -value "7" -context "sdk\\\\hardware/1684099049094"
# webtalk_add_data -client sdk -key VivadoVersion -value "2019.1" -context "sdk\\\\hardware/1684099049094"
# webtalk_add_data -client sdk -key Arch -value "zynquplus" -context "sdk\\\\hardware/1684099049094"
# webtalk_add_data -client sdk -key Device -value "xczu17eg" -context "sdk\\\\hardware/1684099049094"
# webtalk_add_data -client sdk -key IsHandoff -value "true" -context "sdk\\\\hardware/1684099049094"
# webtalk_add_data -client sdk -key os -value "NA" -context "sdk\\\\hardware/1684099049094"
# webtalk_add_data -client sdk -key apptemplate -value "NA" -context "sdk\\\\hardware/1684099049094"
# webtalk_add_data -client sdk -key RecordType -value "HWCreation" -context "sdk\\\\hardware/1684099049094"
# webtalk_add_data -client sdk -key uid -value "NA" -context "sdk\\\\bsp/1684113512463"
# webtalk_add_data -client sdk -key RecordType -value "ToolUsage" -context "sdk\\\\bsp/1684113512463"
# webtalk_add_data -client sdk -key BootgenCount -value "0" -context "sdk\\\\bsp/1684113512463"
# webtalk_add_data -client sdk -key DebugCount -value "1" -context "sdk\\\\bsp/1684113512463"
# webtalk_add_data -client sdk -key PerfCount -value "0" -context "sdk\\\\bsp/1684113512463"
# webtalk_add_data -client sdk -key FlashCount -value "0" -context "sdk\\\\bsp/1684113512463"
# webtalk_add_data -client sdk -key CrossTriggCount -value "0" -context "sdk\\\\bsp/1684113512463"
# webtalk_add_data -client sdk -key QemuDebugCount -value "0" -context "sdk\\\\bsp/1684113512463"
# webtalk_transmit -clientid 2029120296 -regid "" -xml F:\\cosm-plus-sys.sdk\\webtalk\\usage_statistics_ext_sdk.xml -html F:\\cosm-plus-sys.sdk\\webtalk\\usage_statistics_ext_sdk.html -wdm F:\\cosm-plus-sys.sdk\\webtalk\\sdk_webtalk.wdm -intro "<H3>SDK Usage Report</H3><BR>"
INFO: [Common 17-186] 'F:\cosm-plus-sys.sdk\webtalk\usage_statistics_ext_sdk.xml' has been successfully sent to Xilinx on Mon May 15 10:18:43 2023. For additional details about this file, please refer to the WebTalk help file at C:/Xilinx/SDK/2019.1/doc/webtalk_introduction.html.
webtalk_transmit: Time (s): cpu = 00:00:00 ; elapsed = 00:00:07 . Memory (MB): peak = 92.086 ; gain = 0.000
# webtalk_terminate
INFO: [Common 17-206] Exiting Webtalk at Mon May 15 10:18:43 2023...
